<?xml version="1.0" encoding="UTF-8"?>
<testsuite xmlns:xsi="http://www.w3.org/2001/XMLSchema-instance" xsi:noNamespaceSchemaLocation="https://maven.apache.org/surefire/maven-surefire-plugin/xsd/surefire-test-report.xsd" version="3.0.2" name="com.paymentgateway.provider.kafka.PaymentAuthorizationKafkaConsumerTest" time="0.657" tests="1" errors="0" skipped="0" failures="0">
  <properties>
[...]
</properties>
  <testcase name="consume_deserializesAndDelegatesEvent" classname="com.paymentgateway.provider.kafka.PaymentAuthorizationKafkaConsumerTest" time="0.14">
    <system-out><![CDATA[2026-03-18T23:07:31.893+01:00  INFO 87830 --- [provider-service] [           main] t.c.s.AnnotationConfigContextLoaderUtils : Could not detect default configuration classes for test class [com.paymentgateway.provider.kafka.PaymentAuthorizationKafkaConsumerTest]: PaymentAuthorizationKafkaConsumerTest does not declare any static, non-private, non-final, nested classes annotated with @Configuration.
2026-03-18T23:07:31.896+01:00  INFO 87830 --- [provider-service] [           main] .b.t.c.SpringBootTestContextBootstrapper : Found @SpringBootConfiguration com.paymentgateway.provider.ProviderServiceApplication for test class com.paymentgateway.provider.kafka.PaymentAuthorizationKafkaConsumerTest

  .   ____          _            __ _ _
 /\\ / ___'_ __ _ _(_)_ __  __ _ \ \ \ \
( ( )\___ | '_ | '_| | '_ \/ _` | \ \ \ \
 \\/  ___)| |_)| | | | | || (_| |  ) ) ) )
  '  |____| .__|_| |_|_| |_\__, | / / / /
 =========|_|==============|___/=/_/_/_/

 :: Spring Boot ::                (v3.4.3)

2026-03-18T23:07:31.913+01:00  INFO 87830 --- [provider-service] [           main] o.a.z.server.persistence.FileTxnSnapLog  : zookeeper.snapshot.trust.empty : false
2026-03-18T23:07:31.913+01:00  INFO 87830 --- [provider-service] [           main] o.a.z.server.watch.WatchManagerFactory   : Using org.apache.zookeeper.server.watch.WatchManager as watch manager
2026-03-18T23:07:31.913+01:00  INFO 87830 --- [provider-service] [           main] o.a.z.server.watch.WatchManagerFactory   : Using org.apache.zookeeper.server.watch.WatchManager as watch manager
2026-03-18T23:07:31.913+01:00  INFO 87830 --- [provider-service] [           main] org.apache.zookeeper.server.ZKDatabase   : zookeeper.snapshotSizeFactor = 0.33
2026-03-18T23:07:31.914+01:00  INFO 87830 --- [provider-service] [           main] org.apache.zookeeper.server.ZKDatabase   : zookeeper.commitLogCount=500
2026-03-18T23:07:31.914+01:00  INFO 87830 --- [provider-service] [           main] o.a.zookeeper.server.ZooKeeperServer     : minSessionTimeout set to 1600 ms
2026-03-18T23:07:31.914+01:00  INFO 87830 --- [provider-service] [           main] o.a.zookeeper.server.ZooKeeperServer     : maxSessionTimeout set to 16000 ms
2026-03-18T23:07:31.914+01:00  INFO 87830 --- [provider-service] [           main] o.apache.zookeeper.server.ResponseCache  : getData response cache size is initialized with value 400.
2026-03-18T23:07:31.914+01:00  INFO 87830 --- [provider-service] [           main] o.apache.zookeeper.server.ResponseCache  : getChildren response cache size is initialized with value 400.
2026-03-18T23:07:31.914+01:00  INFO 87830 --- [provider-service] [           main] o.a.z.s.u.RequestPathMetricsCollector    : zookeeper.pathStats.slotCapacity = 60
2026-03-18T23:07:31.914+01:00  INFO 87830 --- [provider-service] [           main] o.a.z.s.u.RequestPathMetricsCollector    : zookeeper.pathStats.slotDuration = 15
2026-03-18T23:07:31.914+01:00  INFO 87830 --- [provider-service] [           main] o.a.z.s.u.RequestPathMetricsCollector    : zookeeper.pathStats.maxDepth = 6
2026-03-18T23:07:31.914+01:00  INFO 87830 --- [provider-service] [           main] o.a.z.s.u.RequestPathMetricsCollector    : zookeeper.pathStats.initialDelay = 5
2026-03-18T23:07:31.914+01:00  INFO 87830 --- [provider-service] [           main] o.a.z.s.u.RequestPathMetricsCollector    : zookeeper.pathStats.delay = 5
2026-03-18T23:07:31.914+01:00  INFO 87830 --- [provider-service] [           main] o.a.z.s.u.RequestPathMetricsCollector    : zookeeper.pathStats.enabled = false
2026-03-18T23:07:31.914+01:00  INFO 87830 --- [provider-service] [           main] o.a.zookeeper.server.ZooKeeperServer     : The max bytes for all large requests are set to 104857600
2026-03-18T23:07:31.914+01:00  INFO 87830 --- [provider-service] [           main] o.a.zookeeper.server.ZooKeeperServer     : The large request threshold is set to -1
2026-03-18T23:07:31.914+01:00  INFO 87830 --- [provider-service] [           main] o.a.z.server.AuthenticationHelper        : zookeeper.enforce.auth.enabled = false
2026-03-18T23:07:31.914+01:00  INFO 87830 --- [provider-service] [           main] o.a.z.server.AuthenticationHelper        : zookeeper.enforce.auth.schemes = []
2026-03-18T23:07:31.914+01:00  INFO 87830 --- [provider-service] [           main] o.a.zookeeper.server.ZooKeeperServer     : Created server with tickTime 800 ms minSessionTimeout 1600 ms maxSessionTimeout 16000 ms clientPortListenBacklog -1 datadir /var/folders/s6/9_6m8gxs0k3542c1sc1nr7nc0000gn/T/kafka-4896078479490109420/version-2 snapdir /var/folders/s6/9_6m8gxs0k3542c1sc1nr7nc0000gn/T/kafka-7498366083377441255/version-2
2026-03-18T23:07:31.914+01:00  WARN 87830 --- [provider-service] [           main] o.a.zookeeper.server.ServerCnxnFactory   : maxCnxns is not configured, using default value 0.
2026-03-18T23:07:31.914+01:00  INFO 87830 --- [provider-service] [           main] o.a.z.server.NIOServerCnxnFactory        : Configuring NIO connection handler with 10s sessionless connection timeout, 2 selector thread(s), 20 worker threads, and 64 kB direct buffers.
2026-03-18T23:07:31.914+01:00  INFO 87830 --- [provider-service] [           main] o.a.z.server.NIOServerCnxnFactory        : binding to port /127.0.0.1:0
2026-03-18T23:07:31.915+01:00  INFO 87830 --- [provider-service] [           main] o.a.z.server.persistence.FileTxnSnapLog  : Snapshotting: 0x0 to /var/folders/s6/9_6m8gxs0k3542c1sc1nr7nc0000gn/T/kafka-7498366083377441255/version-2/snapshot.0
2026-03-18T23:07:31.915+01:00  INFO 87830 --- [provider-service] [           main] org.apache.zookeeper.server.ZKDatabase   : Snapshot loaded in 1 ms, highest zxid is 0x0, digest is 1371985504
2026-03-18T23:07:31.915+01:00  INFO 87830 --- [provider-service] [           main] o.a.z.server.persistence.FileTxnSnapLog  : Snapshotting: 0x0 to /var/folders/s6/9_6m8gxs0k3542c1sc1nr7nc0000gn/T/kafka-7498366083377441255/version-2/snapshot.0
2026-03-18T23:07:31.915+01:00  INFO 87830 --- [provider-service] [           main] o.a.zookeeper.server.ZooKeeperServer     : Snapshot taken in 0 ms
2026-03-18T23:07:31.915+01:00  INFO 87830 --- [provider-service] [0 cport:57333):] o.a.z.server.PrepRequestProcessor        : PrepRequestProcessor (sid:0) started, reconfigEnabled=false
2026-03-18T23:07:31.917+01:00  INFO 87830 --- [provider-service] [           main] kafka.server.KafkaConfig                 : KafkaConfig values: 
	advertised.listeners = null
	alter.config.policy.class.name = null
	alter.log.dirs.replication.quota.window.num = 11
	alter.log.dirs.replication.quota.window.size.seconds = 1
	authorizer.class.name = 
	auto.create.topics.enable = true
	auto.include.jmx.reporter = true
	auto.leader.rebalance.enable = true
	background.threads = 2
	broker.heartbeat.interval.ms = 2000
	broker.id = 0
	broker.id.generation.enable = true
	broker.rack = null
	broker.session.timeout.ms = 9000
	client.quota.callback.class = null
	compression.gzip.level = -1
	compression.lz4.level = 9
	compression.type = producer
	compression.zstd.level = 3
	connection.failed.authentication.delay.ms = 100
	connections.max.idle.ms = 600000
	connections.max.reauth.ms = 0
	control.plane.listener.name = null
	controlled.shutdown.enable = false
	controlled.shutdown.max.retries = 3
	controlled.shutdown.retry.backoff.ms = 100
	controller.listener.names = null
	controller.quorum.append.linger.ms = 25
	controller.quorum.bootstrap.servers = []
	controller.quorum.election.backoff.max.ms = 1000
	controller.quorum.election.timeout.ms = 1000
	controller.quorum.fetch.timeout.ms = 2000
	controller.quorum.request.timeout.ms = 2000
	controller.quorum.retry.backoff.ms = 20
	controller.quorum.voters = []
	controller.quota.window.num = 11
	controller.quota.window.size.seconds = 1
	controller.socket.timeout.ms = 1000
	create.topic.policy.class.name = null
	default.replication.factor = 1
	delegation.token.expiry.check.interval.ms = 3600000
	delegation.token.expiry.time.ms = 86400000
	delegation.token.master.key = null
	delegation.token.max.lifetime.ms = 604800000
	delegation.token.secret.key = null
	delete.records.purgatory.purge.interval.requests = 1
	delete.topic.enable = true
	early.start.listeners = null
	eligible.leader.replicas.enable = false
	fetch.max.bytes = 57671680
	fetch.purgatory.purge.interval.requests = 1000
	group.consumer.assignors = [org.apache.kafka.coordinator.group.assignor.UniformAssignor, org.apache.kafka.coordinator.group.assignor.RangeAssignor]
	group.consumer.heartbeat.interval.ms = 5000
	group.consumer.max.heartbeat.interval.ms = 15000
	group.consumer.max.session.timeout.ms = 60000
	group.consumer.max.size = 2147483647
	group.consumer.migration.policy = disabled
	group.consumer.min.heartbeat.interval.ms = 5000
	group.consumer.min.session.timeout.ms = 45000
	group.consumer.session.timeout.ms = 45000
	group.coordinator.append.linger.ms = 10
	group.coordinator.new.enable = false
	group.coordinator.rebalance.protocols = [classic]
	group.coordinator.threads = 1
	group.initial.rebalance.delay.ms = 0
	group.max.session.timeout.ms = 1800000
	group.max.size = 2147483647
	group.min.session.timeout.ms = 6000
	initial.broker.registration.timeout.ms = 60000
	inter.broker.listener.name = null
	inter.broker.protocol.version = 3.8-IV0
	kafka.metrics.polling.interval.secs = 10
	kafka.metrics.reporters = []
	leader.imbalance.check.interval.seconds = 300
	leader.imbalance.per.broker.percentage = 10
	listener.security.protocol.map = SASL_SSL:SASL_SSL,PLAINTEXT:PLAINTEXT,SSL:SSL,SASL_PLAINTEXT:SASL_PLAINTEXT
	listeners = PLAINTEXT://localhost:0
	log.cleaner.backoff.ms = 15000
	log.cleaner.dedupe.buffer.size = 2097152
	log.cleaner.delete.retention.ms = 86400000
	log.cleaner.enable = true
	log.cleaner.io.buffer.load.factor = 0.9
	log.cleaner.io.buffer.size = 524288
	log.cleaner.io.max.bytes.per.second = 1.7976931348623157E308
	log.cleaner.max.compaction.lag.ms = 9223372036854775807
	log.cleaner.min.cleanable.ratio = 0.5
	log.cleaner.min.compaction.lag.ms = 0
	log.cleaner.threads = 1
	log.cleanup.policy = [delete]
	log.dir = /var/folders/s6/9_6m8gxs0k3542c1sc1nr7nc0000gn/T/spring.kafka.27fa5186-1461-4ded-ac40-df581b15fc7213023841555338235905
	log.dir.failure.timeout.ms = 30000
	log.dirs = null
	log.flush.interval.messages = 9223372036854775807
	log.flush.interval.ms = null
	log.flush.offset.checkpoint.interval.ms = 60000
	log.flush.scheduler.interval.ms = 9223372036854775807
	log.flush.start.offset.checkpoint.interval.ms = 60000
	log.index.interval.bytes = 4096
	log.index.size.max.bytes = 10485760
	log.initial.task.delay.ms = 30000
	log.local.retention.bytes = -2
	log.local.retention.ms = -2
	log.message.downconversion.enable = true
	log.message.format.version = 3.0-IV1
	log.message.timestamp.after.max.ms = 9223372036854775807
	log.message.timestamp.before.max.ms = 9223372036854775807
	log.message.timestamp.difference.max.ms = 9223372036854775807
	log.message.timestamp.type = CreateTime
	log.preallocate = false
	log.retention.bytes = -1
	log.retention.check.interval.ms = 300000
	log.retention.hours = 168
	log.retention.minutes = null
	log.retention.ms = null
	log.roll.hours = 168
	log.roll.jitter.hours = 0
	log.roll.jitter.ms = null
	log.roll.ms = null
	log.segment.bytes = 1073741824
	log.segment.delete.delay.ms = 1000
	max.connection.creation.rate = 2147483647
	max.connections = 2147483647
	max.connections.per.ip = 2147483647
	max.connections.per.ip.overrides = 
	max.incremental.fetch.session.cache.slots = 1000
	max.request.partition.size.limit = 2000
	message.max.bytes = 1048588
	metadata.log.dir = null
	metadata.log.max.record.bytes.between.snapshots = 20971520
	metadata.log.max.snapshot.interval.ms = 3600000
	metadata.log.segment.bytes = 1073741824
	metadata.log.segment.min.bytes = 8388608
	metadata.log.segment.ms = 604800000
	metadata.max.idle.interval.ms = 500
	metadata.max.retention.bytes = 104857600
	metadata.max.retention.ms = 604800000
	metric.reporters = []
	metrics.num.samples = 2
	metrics.recording.level = INFO
	metrics.sample.window.ms = 30000
	min.insync.replicas = 1
	node.id = 0
	num.io.threads = 8
	num.network.threads = 2
	num.partitions = 1
	num.recovery.threads.per.data.dir = 1
	num.replica.alter.log.dirs.threads = null
	num.replica.fetchers = 1
	offset.metadata.max.bytes = 4096
	offsets.commit.required.acks = -1
	offsets.commit.timeout.ms = 5000
	offsets.load.buffer.size = 5242880
	offsets.retention.check.interval.ms = 600000
	offsets.retention.minutes = 10080
	offsets.topic.compression.codec = 0
	offsets.topic.num.partitions = 5
	offsets.topic.replication.factor = 1
	offsets.topic.segment.bytes = 104857600
	password.encoder.cipher.algorithm = AES/CBC/PKCS5Padding
	password.encoder.iterations = 4096
	password.encoder.key.length = 128
	password.encoder.keyfactory.algorithm = null
	password.encoder.old.secret = null
	password.encoder.secret = null
	principal.builder.class = class org.apache.kafka.common.security.authenticator.DefaultKafkaPrincipalBuilder
	process.roles = []
	producer.id.expiration.check.interval.ms = 600000
	producer.id.expiration.ms = 86400000
	producer.purgatory.purge.interval.requests = 1000
	queued.max.request.bytes = -1
	queued.max.requests = 500
	quota.window.num = 11
	quota.window.size.seconds = 1
	remote.fetch.max.wait.ms = 500
	remote.log.index.file.cache.total.size.bytes = 1073741824
	remote.log.manager.copier.thread.pool.size = 10
	remote.log.manager.copy.max.bytes.per.second = 9223372036854775807
	remote.log.manager.copy.quota.window.num = 11
	remote.log.manager.copy.quota.window.size.seconds = 1
	remote.log.manager.expiration.thread.pool.size = 10
	remote.log.manager.fetch.max.bytes.per.second = 9223372036854775807
	remote.log.manager.fetch.quota.window.num = 11
	remote.log.manager.fetch.quota.window.size.seconds = 1
	remote.log.manager.task.interval.ms = 30000
	remote.log.manager.task.retry.backoff.max.ms = 30000
	remote.log.manager.task.retry.backoff.ms = 500
	remote.log.manager.task.retry.jitter = 0.2
	remote.log.manager.thread.pool.size = 10
	remote.log.metadata.custom.metadata.max.bytes = 128
	remote.log.metadata.manager.class.name = org.apache.kafka.server.log.remote.metadata.storage.TopicBasedRemoteLogMetadataManager
	remote.log.metadata.manager.class.path = null
	remote.log.metadata.manager.impl.prefix = rlmm.config.
	remote.log.metadata.manager.listener.name = null
	remote.log.reader.max.pending.tasks = 100
	remote.log.reader.threads = 10
	remote.log.storage.manager.class.name = null
	remote.log.storage.manager.class.path = null
	remote.log.storage.manager.impl.prefix = rsm.config.
	remote.log.storage.system.enable = false
	replica.fetch.backoff.ms = 1000
	replica.fetch.max.bytes = 1048576
	replica.fetch.min.bytes = 1
	replica.fetch.response.max.bytes = 10485760
	replica.fetch.wait.max.ms = 500
	replica.high.watermark.checkpoint.interval.ms = 9223372036854775807
	replica.lag.time.max.ms = 30000
	replica.selector.class = null
	replica.socket.receive.buffer.bytes = 65536
	replica.socket.timeout.ms = 1000
	replication.quota.window.num = 11
	replication.quota.window.size.seconds = 1
	request.timeout.ms = 30000
	reserved.broker.max.id = 1000
	sasl.client.callback.handler.class = null
	sasl.enabled.mechanisms = [GSSAPI]
	sasl.jaas.config = null
	sasl.kerberos.kinit.cmd = /usr/bin/kinit
	sasl.kerberos.min.time.before.relogin = 60000
	sasl.kerberos.principal.to.local.rules = [DEFAULT]
	sasl.kerberos.service.name = null
	sasl.kerberos.ticket.renew.jitter = 0.05
	sasl.kerberos.ticket.renew.window.factor = 0.8
	sasl.login.callback.handler.class = null
	sasl.login.class = null
	sasl.login.connect.timeout.ms = null
	sasl.login.read.timeout.ms = null
	sasl.login.refresh.buffer.seconds = 300
	sasl.login.refresh.min.period.seconds = 60
	sasl.login.refresh.window.factor = 0.8
	sasl.login.refresh.window.jitter = 0.05
	sasl.login.retry.backoff.max.ms = 10000
	sasl.login.retry.backoff.ms = 100
	sasl.mechanism.controller.protocol = GSSAPI
	sasl.mechanism.inter.broker.protocol = GSSAPI
	sasl.oauthbearer.clock.skew.seconds = 30
	sasl.oauthbearer.expected.audience = null
	sasl.oauthbearer.expected.issuer = null
	sasl.oauthbearer.jwks.endpoint.refresh.ms = 3600000
	sasl.oauthbearer.jwks.endpoint.retry.backoff.max.ms = 10000
	sasl.oauthbearer.jwks.endpoint.retry.backoff.ms = 100
	sasl.oauthbearer.jwks.endpoint.url = null
	sasl.oauthbearer.scope.claim.name = scope
	sasl.oauthbearer.sub.claim.name = sub
	sasl.oauthbearer.token.endpoint.url = null
	sasl.server.callback.handler.class = null
	sasl.server.max.receive.size = 524288
	security.inter.broker.protocol = PLAINTEXT
	security.providers = null
	server.max.startup.time.ms = 9223372036854775807
	socket.connection.setup.timeout.max.ms = 30000
	socket.connection.setup.timeout.ms = 10000
	socket.listen.backlog.size = 50
	socket.receive.buffer.bytes = 102400
	socket.request.max.bytes = 104857600
	socket.send.buffer.bytes = 102400
	ssl.allow.dn.changes = false
	ssl.allow.san.changes = false
	ssl.cipher.suites = []
	ssl.client.auth = none
	ssl.enabled.protocols = [TLSv1.2, TLSv1.3]
	ssl.endpoint.identification.algorithm = https
	ssl.engine.factory.class = null
	ssl.key.password = null
	ssl.keymanager.algorithm = SunX509
	ssl.keystore.certificate.chain = null
	ssl.keystore.key = null
	ssl.keystore.location = null
	ssl.keystore.password = null
	ssl.keystore.type = JKS
	ssl.principal.mapping.rules = DEFAULT
	ssl.protocol = TLSv1.3
	ssl.provider = null
	ssl.secure.random.implementation = null
	ssl.trustmanager.algorithm = PKIX
	ssl.truststore.certificates = null
	ssl.truststore.location = null
	ssl.truststore.password = null
	ssl.truststore.type = JKS
	telemetry.max.bytes = 1048576
	transaction.abort.timed.out.transaction.cleanup.interval.ms = 10000
	transaction.max.timeout.ms = 900000
	transaction.partition.verification.enable = true
	transaction.remove.expired.transaction.cleanup.interval.ms = 3600000
	transaction.state.log.load.buffer.size = 5242880
	transaction.state.log.min.isr = 2
	transaction.state.log.num.partitions = 50
	transaction.state.log.replication.factor = 1
	transaction.state.log.segment.bytes = 104857600
	transactional.id.expiration.ms = 604800000
	unclean.leader.election.enable = false
	unstable.api.versions.enable = false
	unstable.feature.versions.enable = true
	zookeeper.clientCnxnSocket = null
	zookeeper.connect = 127.0.0.1:57333
	zookeeper.connection.timeout.ms = 10000
	zookeeper.max.in.flight.requests = 10
	zookeeper.metadata.migration.enable = false
	zookeeper.metadata.migration.min.batch.size = 200
	zookeeper.session.timeout.ms = 18000
	zookeeper.set.acl = false
	zookeeper.ssl.cipher.suites = null
	zookeeper.ssl.client.enable = false
	zookeeper.ssl.crl.enable = false
	zookeeper.ssl.enabled.protocols = null
	zookeeper.ssl.endpoint.identification.algorithm = HTTPS
	zookeeper.ssl.keystore.location = null
	zookeeper.ssl.keystore.password = null
	zookeeper.ssl.keystore.type = null
	zookeeper.ssl.ocsp.enable = false
	zookeeper.ssl.protocol = TLSv1.2
	zookeeper.ssl.truststore.location = null
	zookeeper.ssl.truststore.password = null
	zookeeper.ssl.truststore.type = null

2026-03-18T23:07:31.917+01:00  INFO 87830 --- [provider-service] [           main] o.a.k.s.l.r.s.RemoteLogManagerConfig     : RemoteLogManagerConfig values: 
	log.local.retention.bytes = -2
	log.local.retention.ms = -2
	remote.fetch.max.wait.ms = 500
	remote.log.index.file.cache.total.size.bytes = 1073741824
	remote.log.manager.copier.thread.pool.size = 10
	remote.log.manager.copy.max.bytes.per.second = 9223372036854775807
	remote.log.manager.copy.quota.window.num = 11
	remote.log.manager.copy.quota.window.size.seconds = 1
	remote.log.manager.expiration.thread.pool.size = 10
	remote.log.manager.fetch.max.bytes.per.second = 9223372036854775807
	remote.log.manager.fetch.quota.window.num = 11
	remote.log.manager.fetch.quota.window.size.seconds = 1
	remote.log.manager.task.interval.ms = 30000
	remote.log.manager.task.retry.backoff.max.ms = 30000
	remote.log.manager.task.retry.backoff.ms = 500
	remote.log.manager.task.retry.jitter = 0.2
	remote.log.manager.thread.pool.size = 10
	remote.log.metadata.custom.metadata.max.bytes = 128
	remote.log.metadata.manager.class.name = org.apache.kafka.server.log.remote.metadata.storage.TopicBasedRemoteLogMetadataManager
	remote.log.metadata.manager.class.path = null
	remote.log.metadata.manager.impl.prefix = rlmm.config.
	remote.log.metadata.manager.listener.name = null
	remote.log.reader.max.pending.tasks = 100
	remote.log.reader.threads = 10
	remote.log.storage.manager.class.name = null
	remote.log.storage.manager.class.path = null
	remote.log.storage.manager.impl.prefix = rsm.config.
	remote.log.storage.system.enable = false

2026-03-18T23:07:31.918+01:00  INFO 87830 --- [provider-service] [           main] kafka.server.KafkaServer                 : starting
2026-03-18T23:07:31.918+01:00  INFO 87830 --- [provider-service] [           main] kafka.server.KafkaServer                 : Connecting to zookeeper on 127.0.0.1:57333
2026-03-18T23:07:31.918+01:00  INFO 87830 --- [provider-service] [           main] kafka.zookeeper.ZooKeeperClient          : [ZooKeeperClient Kafka server] Initializing a new session to 127.0.0.1:57333.
2026-03-18T23:07:31.918+01:00  INFO 87830 --- [provider-service] [           main] org.apache.zookeeper.ZooKeeper           : Initiating client connection, connectString=127.0.0.1:57333 sessionTimeout=18000 watcher=kafka.zookeeper.ZooKeeperClient$ZooKeeperClientWatcher$@4f880f4a
2026-03-18T23:07:31.918+01:00  INFO 87830 --- [provider-service] [           main] org.apache.zookeeper.ClientCnxnSocket    : jute.maxbuffer value is 4194304 Bytes
2026-03-18T23:07:31.918+01:00  INFO 87830 --- [provider-service] [           main] org.apache.zookeeper.ClientCnxn          : zookeeper.request.timeout value is 0. feature enabled=false
2026-03-18T23:07:31.918+01:00  INFO 87830 --- [provider-service] [           main] kafka.zookeeper.ZooKeeperClient          : [ZooKeeperClient Kafka server] Waiting until connected.
2026-03-18T23:07:31.918+01:00  INFO 87830 --- [provider-service] [27.0.0.1:57333)] org.apache.zookeeper.ClientCnxn          : Opening socket connection to server /127.0.0.1:57333.
2026-03-18T23:07:31.919+01:00  INFO 87830 --- [provider-service] [27.0.0.1:57333)] org.apache.zookeeper.ClientCnxn          : Socket connection established, initiating session, client: /127.0.0.1:57334, server: /127.0.0.1:57333
2026-03-18T23:07:31.919+01:00  INFO 87830 --- [provider-service] [   SyncThread:0] o.a.z.server.persistence.FileTxnLog      : Creating new log file: log.1
2026-03-18T23:07:31.920+01:00  INFO 87830 --- [provider-service] [27.0.0.1:57333)] org.apache.zookeeper.ClientCnxn          : Session establishment complete on server /127.0.0.1:57333, session id = 0x1000e39a11a0000, negotiated timeout = 16000
2026-03-18T23:07:31.920+01:00  INFO 87830 --- [provider-service] [           main] kafka.zookeeper.ZooKeeperClient          : [ZooKeeperClient Kafka server] Connected.
2026-03-18T23:07:31.931+01:00  INFO 87830 --- [provider-service] [           main] kafka.server.KafkaServer                 : Cluster ID = iUjoZHuESlyTshBw-VePTw
2026-03-18T23:07:31.931+01:00  INFO 87830 --- [provider-service] [           main] o.a.k.s.l.r.s.RemoteLogManagerConfig     : RemoteLogManagerConfig values: 
	log.local.retention.bytes = -2
	log.local.retention.ms = -2
	remote.fetch.max.wait.ms = 500
	remote.log.index.file.cache.total.size.bytes = 1073741824
	remote.log.manager.copier.thread.pool.size = 10
	remote.log.manager.copy.max.bytes.per.second = 9223372036854775807
	remote.log.manager.copy.quota.window.num = 11
	remote.log.manager.copy.quota.window.size.seconds = 1
	remote.log.manager.expiration.thread.pool.size = 10
	remote.log.manager.fetch.max.bytes.per.second = 9223372036854775807
	remote.log.manager.fetch.quota.window.num = 11
	remote.log.manager.fetch.quota.window.size.seconds = 1
	remote.log.manager.task.interval.ms = 30000
	remote.log.manager.task.retry.backoff.max.ms = 30000
	remote.log.manager.task.retry.backoff.ms = 500
	remote.log.manager.task.retry.jitter = 0.2
	remote.log.manager.thread.pool.size = 10
	remote.log.metadata.custom.metadata.max.bytes = 128
	remote.log.metadata.manager.class.name = org.apache.kafka.server.log.remote.metadata.storage.TopicBasedRemoteLogMetadataManager
	remote.log.metadata.manager.class.path = null
	remote.log.metadata.manager.impl.prefix = rlmm.config.
	remote.log.metadata.manager.listener.name = null
	remote.log.reader.max.pending.tasks = 100
	remote.log.reader.threads = 10
	remote.log.storage.manager.class.name = null
	remote.log.storage.manager.class.path = null
	remote.log.storage.manager.impl.prefix = rsm.config.
	remote.log.storage.system.enable = false

2026-03-18T23:07:31.933+01:00  INFO 87830 --- [provider-service] [           main] o.a.k.s.l.r.s.RemoteLogManagerConfig     : RemoteLogManagerConfig values: 
	log.local.retention.bytes = -2
	log.local.retention.ms = -2
	remote.fetch.max.wait.ms = 500
	remote.log.index.file.cache.total.size.bytes = 1073741824
	remote.log.manager.copier.thread.pool.size = 10
	remote.log.manager.copy.max.bytes.per.second = 9223372036854775807
	remote.log.manager.copy.quota.window.num = 11
	remote.log.manager.copy.quota.window.size.seconds = 1
	remote.log.manager.expiration.thread.pool.size = 10
	remote.log.manager.fetch.max.bytes.per.second = 9223372036854775807
	remote.log.manager.fetch.quota.window.num = 11
	remote.log.manager.fetch.quota.window.size.seconds = 1
	remote.log.manager.task.interval.ms = 30000
	remote.log.manager.task.retry.backoff.max.ms = 30000
	remote.log.manager.task.retry.backoff.ms = 500
	remote.log.manager.task.retry.jitter = 0.2
	remote.log.manager.thread.pool.size = 10
	remote.log.metadata.custom.metadata.max.bytes = 128
	remote.log.metadata.manager.class.name = org.apache.kafka.server.log.remote.metadata.storage.TopicBasedRemoteLogMetadataManager
	remote.log.metadata.manager.class.path = null
	remote.log.metadata.manager.impl.prefix = rlmm.config.
	remote.log.metadata.manager.listener.name = null
	remote.log.reader.max.pending.tasks = 100
	remote.log.reader.threads = 10
	remote.log.storage.manager.class.name = null
	remote.log.storage.manager.class.path = null
	remote.log.storage.manager.impl.prefix = rsm.config.
	remote.log.storage.system.enable = false

2026-03-18T23:07:31.934+01:00  INFO 87830 --- [provider-service] [           main] kafka.server.KafkaConfig                 : KafkaConfig values: 
	advertised.listeners = null
	alter.config.policy.class.name = null
	alter.log.dirs.replication.quota.window.num = 11
	alter.log.dirs.replication.quota.window.size.seconds = 1
	authorizer.class.name = 
	auto.create.topics.enable = true
	auto.include.jmx.reporter = true
	auto.leader.rebalance.enable = true
	background.threads = 2
	broker.heartbeat.interval.ms = 2000
	broker.id = 0
	broker.id.generation.enable = true
	broker.rack = null
	broker.session.timeout.ms = 9000
	client.quota.callback.class = null
	compression.gzip.level = -1
	compression.lz4.level = 9
	compression.type = producer
	compression.zstd.level = 3
	connection.failed.authentication.delay.ms = 100
	connections.max.idle.ms = 600000
	connections.max.reauth.ms = 0
	control.plane.listener.name = null
	controlled.shutdown.enable = false
	controlled.shutdown.max.retries = 3
	controlled.shutdown.retry.backoff.ms = 100
	controller.listener.names = null
	controller.quorum.append.linger.ms = 25
	controller.quorum.bootstrap.servers = []
	controller.quorum.election.backoff.max.ms = 1000
	controller.quorum.election.timeout.ms = 1000
	controller.quorum.fetch.timeout.ms = 2000
	controller.quorum.request.timeout.ms = 2000
	controller.quorum.retry.backoff.ms = 20
	controller.quorum.voters = []
	controller.quota.window.num = 11
	controller.quota.window.size.seconds = 1
	controller.socket.timeout.ms = 1000
	create.topic.policy.class.name = null
	default.replication.factor = 1
	delegation.token.expiry.check.interval.ms = 3600000
	delegation.token.expiry.time.ms = 86400000
	delegation.token.master.key = null
	delegation.token.max.lifetime.ms = 604800000
	delegation.token.secret.key = null
	delete.records.purgatory.purge.interval.requests = 1
	delete.topic.enable = true
	early.start.listeners = null
	eligible.leader.replicas.enable = false
	fetch.max.bytes = 57671680
	fetch.purgatory.purge.interval.requests = 1000
	group.consumer.assignors = [org.apache.kafka.coordinator.group.assignor.UniformAssignor, org.apache.kafka.coordinator.group.assignor.RangeAssignor]
	group.consumer.heartbeat.interval.ms = 5000
	group.consumer.max.heartbeat.interval.ms = 15000
	group.consumer.max.session.timeout.ms = 60000
	group.consumer.max.size = 2147483647
	group.consumer.migration.policy = disabled
	group.consumer.min.heartbeat.interval.ms = 5000
	group.consumer.min.session.timeout.ms = 45000
	group.consumer.session.timeout.ms = 45000
	group.coordinator.append.linger.ms = 10
	group.coordinator.new.enable = false
	group.coordinator.rebalance.protocols = [classic]
	group.coordinator.threads = 1
	group.initial.rebalance.delay.ms = 0
	group.max.session.timeout.ms = 1800000
	group.max.size = 2147483647
	group.min.session.timeout.ms = 6000
	initial.broker.registration.timeout.ms = 60000
	inter.broker.listener.name = null
	inter.broker.protocol.version = 3.8-IV0
	kafka.metrics.polling.interval.secs = 10
	kafka.metrics.reporters = []
	leader.imbalance.check.interval.seconds = 300
	leader.imbalance.per.broker.percentage = 10
	listener.security.protocol.map = SASL_SSL:SASL_SSL,PLAINTEXT:PLAINTEXT,SSL:SSL,SASL_PLAINTEXT:SASL_PLAINTEXT
	listeners = PLAINTEXT://localhost:0
	log.cleaner.backoff.ms = 15000
	log.cleaner.dedupe.buffer.size = 2097152
	log.cleaner.delete.retention.ms = 86400000
	log.cleaner.enable = true
	log.cleaner.io.buffer.load.factor = 0.9
	log.cleaner.io.buffer.size = 524288
	log.cleaner.io.max.bytes.per.second = 1.7976931348623157E308
	log.cleaner.max.compaction.lag.ms = 9223372036854775807
	log.cleaner.min.cleanable.ratio = 0.5
	log.cleaner.min.compaction.lag.ms = 0
	log.cleaner.threads = 1
	log.cleanup.policy = [delete]
	log.dir = /var/folders/s6/9_6m8gxs0k3542c1sc1nr7nc0000gn/T/spring.kafka.27fa5186-1461-4ded-ac40-df581b15fc7213023841555338235905
	log.dir.failure.timeout.ms = 30000
	log.dirs = null
	log.flush.interval.messages = 9223372036854775807
	log.flush.interval.ms = null
	log.flush.offset.checkpoint.interval.ms = 60000
	log.flush.scheduler.interval.ms = 9223372036854775807
	log.flush.start.offset.checkpoint.interval.ms = 60000
	log.index.interval.bytes = 4096
	log.index.size.max.bytes = 10485760
	log.initial.task.delay.ms = 30000
	log.local.retention.bytes = -2
	log.local.retention.ms = -2
	log.message.downconversion.enable = true
	log.message.format.version = 3.0-IV1
	log.message.timestamp.after.max.ms = 9223372036854775807
	log.message.timestamp.before.max.ms = 9223372036854775807
	log.message.timestamp.difference.max.ms = 9223372036854775807
	log.message.timestamp.type = CreateTime
	log.preallocate = false
	log.retention.bytes = -1
	log.retention.check.interval.ms = 300000
	log.retention.hours = 168
	log.retention.minutes = null
	log.retention.ms = null
	log.roll.hours = 168
	log.roll.jitter.hours = 0
	log.roll.jitter.ms = null
	log.roll.ms = null
	log.segment.bytes = 1073741824
	log.segment.delete.delay.ms = 1000
	max.connection.creation.rate = 2147483647
	max.connections = 2147483647
	max.connections.per.ip = 2147483647
	max.connections.per.ip.overrides = 
	max.incremental.fetch.session.cache.slots = 1000
	max.request.partition.size.limit = 2000
	message.max.bytes = 1048588
	metadata.log.dir = null
	metadata.log.max.record.bytes.between.snapshots = 20971520
	metadata.log.max.snapshot.interval.ms = 3600000
	metadata.log.segment.bytes = 1073741824
	metadata.log.segment.min.bytes = 8388608
	metadata.log.segment.ms = 604800000
	metadata.max.idle.interval.ms = 500
	metadata.max.retention.bytes = 104857600
	metadata.max.retention.ms = 604800000
	metric.reporters = []
	metrics.num.samples = 2
	metrics.recording.level = INFO
	metrics.sample.window.ms = 30000
	min.insync.replicas = 1
	node.id = 0
	num.io.threads = 8
	num.network.threads = 2
	num.partitions = 1
	num.recovery.threads.per.data.dir = 1
	num.replica.alter.log.dirs.threads = null
	num.replica.fetchers = 1
	offset.metadata.max.bytes = 4096
	offsets.commit.required.acks = -1
	offsets.commit.timeout.ms = 5000
	offsets.load.buffer.size = 5242880
	offsets.retention.check.interval.ms = 600000
	offsets.retention.minutes = 10080
	offsets.topic.compression.codec = 0
	offsets.topic.num.partitions = 5
	offsets.topic.replication.factor = 1
	offsets.topic.segment.bytes = 104857600
	password.encoder.cipher.algorithm = AES/CBC/PKCS5Padding
	password.encoder.iterations = 4096
	password.encoder.key.length = 128
	password.encoder.keyfactory.algorithm = null
	password.encoder.old.secret = null
	password.encoder.secret = null
	principal.builder.class = class org.apache.kafka.common.security.authenticator.DefaultKafkaPrincipalBuilder
	process.roles = []
	producer.id.expiration.check.interval.ms = 600000
	producer.id.expiration.ms = 86400000
	producer.purgatory.purge.interval.requests = 1000
	queued.max.request.bytes = -1
	queued.max.requests = 500
	quota.window.num = 11
	quota.window.size.seconds = 1
	remote.fetch.max.wait.ms = 500
	remote.log.index.file.cache.total.size.bytes = 1073741824
	remote.log.manager.copier.thread.pool.size = 10
	remote.log.manager.copy.max.bytes.per.second = 9223372036854775807
	remote.log.manager.copy.quota.window.num = 11
	remote.log.manager.copy.quota.window.size.seconds = 1
	remote.log.manager.expiration.thread.pool.size = 10
	remote.log.manager.fetch.max.bytes.per.second = 9223372036854775807
	remote.log.manager.fetch.quota.window.num = 11
	remote.log.manager.fetch.quota.window.size.seconds = 1
	remote.log.manager.task.interval.ms = 30000
	remote.log.manager.task.retry.backoff.max.ms = 30000
	remote.log.manager.task.retry.backoff.ms = 500
	remote.log.manager.task.retry.jitter = 0.2
	remote.log.manager.thread.pool.size = 10
	remote.log.metadata.custom.metadata.max.bytes = 128
	remote.log.metadata.manager.class.name = org.apache.kafka.server.log.remote.metadata.storage.TopicBasedRemoteLogMetadataManager
	remote.log.metadata.manager.class.path = null
	remote.log.metadata.manager.impl.prefix = rlmm.config.
	remote.log.metadata.manager.listener.name = null
	remote.log.reader.max.pending.tasks = 100
	remote.log.reader.threads = 10
	remote.log.storage.manager.class.name = null
	remote.log.storage.manager.class.path = null
	remote.log.storage.manager.impl.prefix = rsm.config.
	remote.log.storage.system.enable = false
	replica.fetch.backoff.ms = 1000
	replica.fetch.max.bytes = 1048576
	replica.fetch.min.bytes = 1
	replica.fetch.response.max.bytes = 10485760
	replica.fetch.wait.max.ms = 500
	replica.high.watermark.checkpoint.interval.ms = 9223372036854775807
	replica.lag.time.max.ms = 30000
	replica.selector.class = null
	replica.socket.receive.buffer.bytes = 65536
	replica.socket.timeout.ms = 1000
	replication.quota.window.num = 11
	replication.quota.window.size.seconds = 1
	request.timeout.ms = 30000
	reserved.broker.max.id = 1000
	sasl.client.callback.handler.class = null
	sasl.enabled.mechanisms = [GSSAPI]
	sasl.jaas.config = null
	sasl.kerberos.kinit.cmd = /usr/bin/kinit
	sasl.kerberos.min.time.before.relogin = 60000
	sasl.kerberos.principal.to.local.rules = [DEFAULT]
	sasl.kerberos.service.name = null
	sasl.kerberos.ticket.renew.jitter = 0.05
	sasl.kerberos.ticket.renew.window.factor = 0.8
	sasl.login.callback.handler.class = null
	sasl.login.class = null
	sasl.login.connect.timeout.ms = null
	sasl.login.read.timeout.ms = null
	sasl.login.refresh.buffer.seconds = 300
	sasl.login.refresh.min.period.seconds = 60
	sasl.login.refresh.window.factor = 0.8
	sasl.login.refresh.window.jitter = 0.05
	sasl.login.retry.backoff.max.ms = 10000
	sasl.login.retry.backoff.ms = 100
	sasl.mechanism.controller.protocol = GSSAPI
	sasl.mechanism.inter.broker.protocol = GSSAPI
	sasl.oauthbearer.clock.skew.seconds = 30
	sasl.oauthbearer.expected.audience = null
	sasl.oauthbearer.expected.issuer = null
	sasl.oauthbearer.jwks.endpoint.refresh.ms = 3600000
	sasl.oauthbearer.jwks.endpoint.retry.backoff.max.ms = 10000
	sasl.oauthbearer.jwks.endpoint.retry.backoff.ms = 100
	sasl.oauthbearer.jwks.endpoint.url = null
	sasl.oauthbearer.scope.claim.name = scope
	sasl.oauthbearer.sub.claim.name = sub
	sasl.oauthbearer.token.endpoint.url = null
	sasl.server.callback.handler.class = null
	sasl.server.max.receive.size = 524288
	security.inter.broker.protocol = PLAINTEXT
	security.providers = null
	server.max.startup.time.ms = 9223372036854775807
	socket.connection.setup.timeout.max.ms = 30000
	socket.connection.setup.timeout.ms = 10000
	socket.listen.backlog.size = 50
	socket.receive.buffer.bytes = 102400
	socket.request.max.bytes = 104857600
	socket.send.buffer.bytes = 102400
	ssl.allow.dn.changes = false
	ssl.allow.san.changes = false
	ssl.cipher.suites = []
	ssl.client.auth = none
	ssl.enabled.protocols = [TLSv1.2, TLSv1.3]
	ssl.endpoint.identification.algorithm = https
	ssl.engine.factory.class = null
	ssl.key.password = null
	ssl.keymanager.algorithm = SunX509
	ssl.keystore.certificate.chain = null
	ssl.keystore.key = null
	ssl.keystore.location = null
	ssl.keystore.password = null
	ssl.keystore.type = JKS
	ssl.principal.mapping.rules = DEFAULT
	ssl.protocol = TLSv1.3
	ssl.provider = null
	ssl.secure.random.implementation = null
	ssl.trustmanager.algorithm = PKIX
	ssl.truststore.certificates = null
	ssl.truststore.location = null
	ssl.truststore.password = null
	ssl.truststore.type = JKS
	telemetry.max.bytes = 1048576
	transaction.abort.timed.out.transaction.cleanup.interval.ms = 10000
	transaction.max.timeout.ms = 900000
	transaction.partition.verification.enable = true
	transaction.remove.expired.transaction.cleanup.interval.ms = 3600000
	transaction.state.log.load.buffer.size = 5242880
	transaction.state.log.min.isr = 2
	transaction.state.log.num.partitions = 50
	transaction.state.log.replication.factor = 1
	transaction.state.log.segment.bytes = 104857600
	transactional.id.expiration.ms = 604800000
	unclean.leader.election.enable = false
	unstable.api.versions.enable = false
	unstable.feature.versions.enable = true
	zookeeper.clientCnxnSocket = null
	zookeeper.connect = 127.0.0.1:57333
	zookeeper.connection.timeout.ms = 10000
	zookeeper.max.in.flight.requests = 10
	zookeeper.metadata.migration.enable = false
	zookeeper.metadata.migration.min.batch.size = 200
	zookeeper.session.timeout.ms = 18000
	zookeeper.set.acl = false
	zookeeper.ssl.cipher.suites = null
	zookeeper.ssl.client.enable = false
	zookeeper.ssl.crl.enable = false
	zookeeper.ssl.enabled.protocols = null
	zookeeper.ssl.endpoint.identification.algorithm = HTTPS
	zookeeper.ssl.keystore.location = null
	zookeeper.ssl.keystore.password = null
	zookeeper.ssl.keystore.type = null
	zookeeper.ssl.ocsp.enable = false
	zookeeper.ssl.protocol = TLSv1.2
	zookeeper.ssl.truststore.location = null
	zookeeper.ssl.truststore.password = null
	zookeeper.ssl.truststore.type = null

2026-03-18T23:07:31.935+01:00  INFO 87830 --- [provider-service] [           main] o.a.k.s.l.r.s.RemoteLogManagerConfig     : RemoteLogManagerConfig values: 
	log.local.retention.bytes = -2
	log.local.retention.ms = -2
	remote.fetch.max.wait.ms = 500
	remote.log.index.file.cache.total.size.bytes = 1073741824
	remote.log.manager.copier.thread.pool.size = 10
	remote.log.manager.copy.max.bytes.per.second = 9223372036854775807
	remote.log.manager.copy.quota.window.num = 11
	remote.log.manager.copy.quota.window.size.seconds = 1
	remote.log.manager.expiration.thread.pool.size = 10
	remote.log.manager.fetch.max.bytes.per.second = 9223372036854775807
	remote.log.manager.fetch.quota.window.num = 11
	remote.log.manager.fetch.quota.window.size.seconds = 1
	remote.log.manager.task.interval.ms = 30000
	remote.log.manager.task.retry.backoff.max.ms = 30000
	remote.log.manager.task.retry.backoff.ms = 500
	remote.log.manager.task.retry.jitter = 0.2
	remote.log.manager.thread.pool.size = 10
	remote.log.metadata.custom.metadata.max.bytes = 128
	remote.log.metadata.manager.class.name = org.apache.kafka.server.log.remote.metadata.storage.TopicBasedRemoteLogMetadataManager
	remote.log.metadata.manager.class.path = null
	remote.log.metadata.manager.impl.prefix = rlmm.config.
	remote.log.metadata.manager.listener.name = null
	remote.log.reader.max.pending.tasks = 100
	remote.log.reader.threads = 10
	remote.log.storage.manager.class.name = null
	remote.log.storage.manager.class.path = null
	remote.log.storage.manager.impl.prefix = rsm.config.
	remote.log.storage.system.enable = false

2026-03-18T23:07:31.939+01:00  INFO 87830 --- [provider-service] [nelReaper-Fetch] lientQuotaManager$ThrottledChannelReaper : [ThrottledChannelReaper-Fetch]: Starting
2026-03-18T23:07:31.939+01:00  INFO 87830 --- [provider-service] [lReaper-Produce] lientQuotaManager$ThrottledChannelReaper : [ThrottledChannelReaper-Produce]: Starting
2026-03-18T23:07:31.939+01:00  INFO 87830 --- [provider-service] [lReaper-Request] lientQuotaManager$ThrottledChannelReaper : [ThrottledChannelReaper-Request]: Starting
2026-03-18T23:07:31.940+01:00  INFO 87830 --- [provider-service] [trollerMutation] lientQuotaManager$ThrottledChannelReaper : [ThrottledChannelReaper-ControllerMutation]: Starting
2026-03-18T23:07:31.940+01:00  INFO 87830 --- [provider-service] [           main] kafka.server.KafkaServer                 : [KafkaServer id=0] Rewriting /var/folders/s6/9_6m8gxs0k3542c1sc1nr7nc0000gn/T/spring.kafka.27fa5186-1461-4ded-ac40-df581b15fc7213023841555338235905/meta.properties
2026-03-18T23:07:31.947+01:00  INFO 87830 --- [provider-service] [           main] kafka.log.LogManager                     : Loading logs from log dirs ArrayBuffer(/var/folders/s6/9_6m8gxs0k3542c1sc1nr7nc0000gn/T/spring.kafka.27fa5186-1461-4ded-ac40-df581b15fc7213023841555338235905)
2026-03-18T23:07:31.948+01:00  INFO 87830 --- [provider-service] [           main] kafka.log.LogManager                     : No logs found to be loaded in /var/folders/s6/9_6m8gxs0k3542c1sc1nr7nc0000gn/T/spring.kafka.27fa5186-1461-4ded-ac40-df581b15fc7213023841555338235905
2026-03-18T23:07:31.948+01:00  INFO 87830 --- [provider-service] [           main] kafka.log.LogManager                     : Loaded 0 logs in 0ms
2026-03-18T23:07:31.948+01:00  INFO 87830 --- [provider-service] [           main] kafka.log.LogManager                     : Starting log cleanup with a period of 300000 ms.
2026-03-18T23:07:31.948+01:00  INFO 87830 --- [provider-service] [           main] kafka.log.LogManager                     : Starting log flusher with a default period of 9223372036854775807 ms.
2026-03-18T23:07:31.948+01:00  INFO 87830 --- [provider-service] [           main] kafka.log.LogCleaner                     : Starting the log cleaner
2026-03-18T23:07:31.951+01:00  INFO 87830 --- [provider-service] [leaner-thread-0] kafka.log.LogCleaner$CleanerThread       : [kafka-log-cleaner-thread-0]: Starting
2026-03-18T23:07:31.951+01:00  INFO 87830 --- [provider-service] [-process-thread] stener$ChangeNotificationProcessorThread : [feature-zk-node-event-process-thread]: Starting
2026-03-18T23:07:31.952+01:00  INFO 87830 --- [provider-service] [-process-thread] k.server.FinalizedFeatureChangeListener  : Feature ZK node at path: /feature does not exist
2026-03-18T23:07:31.953+01:00  INFO 87830 --- [provider-service] [channel-manager] k.server.NodeToControllerRequestThread   : [zk-broker-0-to-controller-forwarding-channel-manager]: Starting
2026-03-18T23:07:31.960+01:00  INFO 87830 --- [provider-service] [           main] kafka.network.ConnectionQuotas           : Updated connection-accept-rate max connection creation rate to 2147483647
2026-03-18T23:07:31.960+01:00  INFO 87830 --- [provider-service] [           main] kafka.network.DataPlaneAcceptor          : Awaiting socket connections on localhost:57335.
2026-03-18T23:07:31.960+01:00  INFO 87830 --- [provider-service] [           main] kafka.network.DataPlaneAcceptor          : Opened wildcard endpoint localhost:57335
2026-03-18T23:07:31.961+01:00  INFO 87830 --- [provider-service] [           main] kafka.network.SocketServer               : [SocketServer listenerType=ZK_BROKER, nodeId=0] Created data-plane acceptor and processors for endpoint : ListenerName(PLAINTEXT)
2026-03-18T23:07:31.961+01:00  INFO 87830 --- [provider-service] [channel-manager] k.server.NodeToControllerRequestThread   : [zk-broker-0-to-controller-alter-partition-channel-manager]: Starting
2026-03-18T23:07:31.962+01:00  INFO 87830 --- [provider-service] [eaper-0-Produce] perationPurgatory$ExpiredOperationReaper : [ExpirationReaper-0-Produce]: Starting
2026-03-18T23:07:31.962+01:00  INFO 87830 --- [provider-service] [nReaper-0-Fetch] perationPurgatory$ExpiredOperationReaper : [ExpirationReaper-0-Fetch]: Starting
2026-03-18T23:07:31.962+01:00  INFO 87830 --- [provider-service] [0-DeleteRecords] perationPurgatory$ExpiredOperationReaper : [ExpirationReaper-0-DeleteRecords]: Starting
2026-03-18T23:07:31.962+01:00  INFO 87830 --- [provider-service] [r-0-ElectLeader] perationPurgatory$ExpiredOperationReaper : [ExpirationReaper-0-ElectLeader]: Starting
2026-03-18T23:07:31.962+01:00  INFO 87830 --- [provider-service] [r-0-RemoteFetch] perationPurgatory$ExpiredOperationReaper : [ExpirationReaper-0-RemoteFetch]: Starting
2026-03-18T23:07:31.962+01:00  INFO 87830 --- [provider-service] [rFailureHandler] k.s.ReplicaManager$LogDirFailureHandler  : [LogDirFailureHandler]: Starting
2026-03-18T23:07:31.962+01:00  INFO 87830 --- [provider-service] [nSenderThread-0] kafka.server.AddPartitionsToTxnManager   : [AddPartitionsToTxnSenderThread-0]: Starting
2026-03-18T23:07:31.963+01:00  INFO 87830 --- [provider-service] [           main] kafka.zk.KafkaZkClient                   : Creating /brokers/ids/0 (is it secure? false)
2026-03-18T23:07:31.964+01:00  INFO 87830 --- [provider-service] [           main] kafka.zk.KafkaZkClient                   : Stat of the created znode at /brokers/ids/0 is: 25,25,1773871651964,1773871651964,1,0,0,72073234716688384,204,0,25

2026-03-18T23:07:31.964+01:00  INFO 87830 --- [provider-service] [           main] kafka.zk.KafkaZkClient                   : Registered broker 0 at path /brokers/ids/0 with addresses: PLAINTEXT://localhost:57335, czxid (broker epoch): 25
2026-03-18T23:07:31.965+01:00  INFO 87830 --- [provider-service] [er-event-thread] rollerEventManager$ControllerEventThread : [ControllerEventThread controllerId=0] Starting
2026-03-18T23:07:31.965+01:00  INFO 87830 --- [provider-service] [nReaper-0-topic] perationPurgatory$ExpiredOperationReaper : [ExpirationReaper-0-topic]: Starting
2026-03-18T23:07:31.965+01:00  INFO 87830 --- [provider-service] [per-0-Heartbeat] perationPurgatory$ExpiredOperationReaper : [ExpirationReaper-0-Heartbeat]: Starting
2026-03-18T23:07:31.965+01:00  INFO 87830 --- [provider-service] [per-0-Rebalance] perationPurgatory$ExpiredOperationReaper : [ExpirationReaper-0-Rebalance]: Starting
2026-03-18T23:07:31.965+01:00  INFO 87830 --- [provider-service] [           main] k.coordinator.group.GroupCoordinator     : [GroupCoordinator 0]: Starting up.
2026-03-18T23:07:31.966+01:00  INFO 87830 --- [provider-service] [           main] k.coordinator.group.GroupCoordinator     : [GroupCoordinator 0]: Startup complete.
2026-03-18T23:07:31.966+01:00  INFO 87830 --- [provider-service] [           main] k.c.transaction.TransactionCoordinator   : [TransactionCoordinator id=0] Starting up.
2026-03-18T23:07:31.967+01:00  INFO 87830 --- [provider-service] [er-event-thread] kafka.zk.KafkaZkClient                   : Successfully created /controller_epoch with initial epoch 0
2026-03-18T23:07:31.967+01:00  INFO 87830 --- [provider-service] [           main] k.c.transaction.TransactionCoordinator   : [TransactionCoordinator id=0] Startup complete.
2026-03-18T23:07:31.967+01:00  INFO 87830 --- [provider-service] [rSenderThread-0] k.c.t.TransactionMarkerChannelManager    : [TxnMarkerSenderThread-0]: Starting
2026-03-18T23:07:31.967+01:00  INFO 87830 --- [provider-service] [per-0-AlterAcls] perationPurgatory$ExpiredOperationReaper : [ExpirationReaper-0-AlterAcls]: Starting
2026-03-18T23:07:31.967+01:00  INFO 87830 --- [provider-service] [er-event-thread] kafka.controller.KafkaController         : [Controller id=0] 0 successfully elected as the controller. Epoch incremented to 1 and epoch zk version is now 1
2026-03-18T23:07:31.968+01:00  INFO 87830 --- [provider-service] [er-event-thread] kafka.controller.KafkaController         : [Controller id=0] Creating FeatureZNode at path: /feature with contents: FeatureZNode(2,Enabled,Map())
2026-03-18T23:07:31.968+01:00  INFO 87830 --- [provider-service] [-process-thread] icationListener$ChangeEventProcessThread : [/config/changes-event-process-thread]: Starting
2026-03-18T23:07:31.969+01:00  INFO 87830 --- [provider-service] [ain-EventThread] k.server.FinalizedFeatureChangeListener  : Feature ZK node created at path: /feature
2026-03-18T23:07:31.969+01:00  INFO 87830 --- [provider-service] [-process-thread] kafka.server.metadata.ZkMetadataCache    : [MetadataCache brokerId=0] Updated cache from existing None to latest Features(metadataVersion=3.8-IV0, finalizedFeatures={}, finalizedFeaturesEpoch=0).
2026-03-18T23:07:31.969+01:00  INFO 87830 --- [provider-service] [er-event-thread] kafka.controller.KafkaController         : [Controller id=0] Registering handlers
2026-03-18T23:07:31.970+01:00  INFO 87830 --- [provider-service] [er-event-thread] kafka.controller.KafkaController         : [Controller id=0] Deleting log dir event notifications
2026-03-18T23:07:31.970+01:00  INFO 87830 --- [provider-service] [er-event-thread] kafka.controller.KafkaController         : [Controller id=0] Deleting isr change notifications
2026-03-18T23:07:31.971+01:00  INFO 87830 --- [provider-service] [er-event-thread] kafka.controller.KafkaController         : [Controller id=0] Initializing controller context
2026-03-18T23:07:31.971+01:00  INFO 87830 --- [provider-service] [           main] kafka.network.SocketServer               : [SocketServer listenerType=ZK_BROKER, nodeId=0] Enabling request processing.
2026-03-18T23:07:31.971+01:00  INFO 87830 --- [provider-service] [           main] kafka.server.KafkaServer                 : [KafkaServer id=0] Start processing authorizer futures
2026-03-18T23:07:31.971+01:00  INFO 87830 --- [provider-service] [           main] kafka.server.KafkaServer                 : [KafkaServer id=0] End processing authorizer futures
2026-03-18T23:07:31.971+01:00  INFO 87830 --- [provider-service] [           main] kafka.server.KafkaServer                 : [KafkaServer id=0] Start processing enable request processing future
2026-03-18T23:07:31.971+01:00  INFO 87830 --- [provider-service] [           main] kafka.server.KafkaServer                 : [KafkaServer id=0] End processing enable request processing future
2026-03-18T23:07:31.971+01:00  INFO 87830 --- [provider-service] [           main] o.a.kafka.common.utils.AppInfoParser     : The mbean of App info: [kafka.server], id: [0] already exists, so skipping a new mbean creation.
2026-03-18T23:07:31.971+01:00  INFO 87830 --- [provider-service] [           main] kafka.server.KafkaServer                 : [KafkaServer id=0] started
2026-03-18T23:07:31.974+01:00  INFO 87830 --- [provider-service] [           main] o.a.k.clients.admin.AdminClientConfig    : AdminClientConfig values: 
	auto.include.jmx.reporter = true
	bootstrap.controllers = []
	bootstrap.servers = [127.0.0.1:57335]
	client.dns.lookup = use_all_dns_ips
	client.id = 
	connections.max.idle.ms = 300000
	default.api.timeout.ms = 60000
	enable.metrics.push = true
	metadata.max.age.ms = 300000
	metadata.recovery.strategy = none
	metric.reporters = []
	metrics.num.samples = 2
	metrics.recording.level = INFO
	metrics.sample.window.ms = 30000
	receive.buffer.bytes = 65536
	reconnect.backoff.max.ms = 1000
	reconnect.backoff.ms = 50
	request.timeout.ms = 30000
	retries = 2147483647
	retry.backoff.max.ms = 1000
	retry.backoff.ms = 100
	sasl.client.callback.handler.class = null
	sasl.jaas.config = null
	sasl.kerberos.kinit.cmd = /usr/bin/kinit
	sasl.kerberos.min.time.before.relogin = 60000
	sasl.kerberos.service.name = null
	sasl.kerberos.ticket.renew.jitter = 0.05
	sasl.kerberos.ticket.renew.window.factor = 0.8
	sasl.login.callback.handler.class = null
	sasl.login.class = null
	sasl.login.connect.timeout.ms = null
	sasl.login.read.timeout.ms = null
	sasl.login.refresh.buffer.seconds = 300
	sasl.login.refresh.min.period.seconds = 60
	sasl.login.refresh.window.factor = 0.8
	sasl.login.refresh.window.jitter = 0.05
	sasl.login.retry.backoff.max.ms = 10000
	sasl.login.retry.backoff.ms = 100
	sasl.mechanism = GSSAPI
	sasl.oauthbearer.clock.skew.seconds = 30
	sasl.oauthbearer.expected.audience = null
	sasl.oauthbearer.expected.issuer = null
	sasl.oauthbearer.jwks.endpoint.refresh.ms = 3600000
	sasl.oauthbearer.jwks.endpoint.retry.backoff.max.ms = 10000
	sasl.oauthbearer.jwks.endpoint.retry.backoff.ms = 100
	sasl.oauthbearer.jwks.endpoint.url = null
	sasl.oauthbearer.scope.claim.name = scope
	sasl.oauthbearer.sub.claim.name = sub
	sasl.oauthbearer.token.endpoint.url = null
	security.protocol = PLAINTEXT
	security.providers = null
	send.buffer.bytes = 131072
	socket.connection.setup.timeout.max.ms = 30000
	socket.connection.setup.timeout.ms = 10000
	ssl.cipher.suites = null
	ssl.enabled.protocols = [TLSv1.2, TLSv1.3]
	ssl.endpoint.identification.algorithm = https
	ssl.engine.factory.class = null
	ssl.key.password = null
	ssl.keymanager.algorithm = SunX509
	ssl.keystore.certificate.chain = null
	ssl.keystore.key = null
	ssl.keystore.location = null
	ssl.keystore.password = null
	ssl.keystore.type = JKS
	ssl.protocol = TLSv1.3
	ssl.provider = null
	ssl.secure.random.implementation = null
	ssl.trustmanager.algorithm = PKIX
	ssl.truststore.certificates = null
	ssl.truststore.location = null
	ssl.truststore.password = null
	ssl.truststore.type = JKS

2026-03-18T23:07:31.974+01:00  INFO 87830 --- [provider-service] [er-event-thread] kafka.controller.KafkaController         : [Controller id=0] Initialized broker epochs cache: HashMap(0 -> 25)
2026-03-18T23:07:31.974+01:00  INFO 87830 --- [provider-service] [           main] o.a.kafka.common.utils.AppInfoParser     : Kafka version: 3.8.1
2026-03-18T23:07:31.974+01:00  INFO 87830 --- [provider-service] [           main] o.a.kafka.common.utils.AppInfoParser     : Kafka commitId: 70d6ff42debf7e17
2026-03-18T23:07:31.974+01:00  INFO 87830 --- [provider-service] [           main] o.a.kafka.common.utils.AppInfoParser     : Kafka startTimeMs: 1773871651974
2026-03-18T23:07:31.976+01:00  INFO 87830 --- [provider-service] [er-event-thread] kafka.controller.KafkaController         : [Controller id=0] Currently active brokers in the cluster: Set(0)
2026-03-18T23:07:31.976+01:00  INFO 87830 --- [provider-service] [r-0-send-thread] kafka.controller.RequestSendThread       : [RequestSendThread controllerId=0] Starting
2026-03-18T23:07:31.976+01:00  INFO 87830 --- [provider-service] [er-event-thread] kafka.controller.KafkaController         : [Controller id=0] Currently shutting brokers in the cluster: HashSet()
2026-03-18T23:07:31.976+01:00  INFO 87830 --- [provider-service] [er-event-thread] kafka.controller.KafkaController         : [Controller id=0] Current list of topics in the cluster: HashSet()
2026-03-18T23:07:31.976+01:00  INFO 87830 --- [provider-service] [er-event-thread] kafka.controller.KafkaController         : [Controller id=0] Fetching topic deletions in progress
2026-03-18T23:07:31.976+01:00  INFO 87830 --- [provider-service] [er-event-thread] kafka.controller.KafkaController         : [Controller id=0] List of topics to be deleted: 
2026-03-18T23:07:31.976+01:00  INFO 87830 --- [provider-service] [er-event-thread] kafka.controller.KafkaController         : [Controller id=0] List of topics ineligible for deletion: 
2026-03-18T23:07:31.976+01:00  INFO 87830 --- [provider-service] [er-event-thread] kafka.controller.KafkaController         : [Controller id=0] Initializing topic deletion manager
2026-03-18T23:07:31.976+01:00  INFO 87830 --- [provider-service] [er-event-thread] kafka.controller.TopicDeletionManager    : [Topic Deletion Manager 0] Initializing manager with initial deletions: Set(), initial ineligible deletions: HashSet()
2026-03-18T23:07:31.976+01:00  INFO 87830 --- [provider-service] [er-event-thread] kafka.controller.KafkaController         : [Controller id=0] Sending update metadata request
2026-03-18T23:07:31.977+01:00  INFO 87830 --- [provider-service] [er-event-thread] state.change.logger                      : [Controller id=0 epoch=1] Sending UpdateMetadata request to brokers HashSet(0) for 0 partitions
2026-03-18T23:07:31.977+01:00  INFO 87830 --- [provider-service] [er-event-thread] kafka.controller.ZkReplicaStateMachine   : [ReplicaStateMachine controllerId=0] Initializing replica state
2026-03-18T23:07:31.977+01:00  INFO 87830 --- [provider-service] [er-event-thread] kafka.controller.ZkReplicaStateMachine   : [ReplicaStateMachine controllerId=0] Triggering online replica state changes
2026-03-18T23:07:31.977+01:00  INFO 87830 --- [provider-service] [er-event-thread] kafka.controller.ZkReplicaStateMachine   : [ReplicaStateMachine controllerId=0] Triggering offline replica state changes
2026-03-18T23:07:31.977+01:00  INFO 87830 --- [provider-service] [er-event-thread] k.controller.ZkPartitionStateMachine     : [PartitionStateMachine controllerId=0] Initializing partition state
2026-03-18T23:07:31.977+01:00  INFO 87830 --- [provider-service] [er-event-thread] k.controller.ZkPartitionStateMachine     : [PartitionStateMachine controllerId=0] Triggering online partition state changes
2026-03-18T23:07:31.977+01:00  INFO 87830 --- [provider-service] [er-event-thread] kafka.controller.KafkaController         : [Controller id=0] Ready to serve as the new controller with epoch 1
2026-03-18T23:07:31.977+01:00  INFO 87830 --- [provider-service] [r-0-send-thread] kafka.controller.RequestSendThread       : [RequestSendThread controllerId=0] Controller 0 connected to localhost:57335 (id: 0 rack: null) for sending state change requests
2026-03-18T23:07:31.979+01:00  INFO 87830 --- [provider-service] [er-event-thread] kafka.controller.KafkaController         : [Controller id=0] Partitions undergoing preferred replica election: 
2026-03-18T23:07:31.979+01:00  INFO 87830 --- [provider-service] [er-event-thread] kafka.controller.KafkaController         : [Controller id=0] Partitions that completed preferred replica election: 
2026-03-18T23:07:31.979+01:00  INFO 87830 --- [provider-service] [er-event-thread] kafka.controller.KafkaController         : [Controller id=0] Skipping preferred replica election for partitions due to topic deletion: 
2026-03-18T23:07:31.979+01:00  INFO 87830 --- [provider-service] [er-event-thread] kafka.controller.KafkaController         : [Controller id=0] Resuming preferred replica election for partitions: 
2026-03-18T23:07:31.979+01:00  INFO 87830 --- [provider-service] [er-event-thread] kafka.controller.KafkaController         : [Controller id=0] Starting replica leader election (PREFERRED) for partitions  triggered by ZkTriggered
2026-03-18T23:07:31.980+01:00  INFO 87830 --- [provider-service] [er-event-thread] kafka.controller.KafkaController         : [Controller id=0] Starting the controller scheduler
2026-03-18T23:07:32.054+01:00  INFO 87830 --- [provider-service] [channel-manager] k.server.NodeToControllerRequestThread   : [zk-broker-0-to-controller-forwarding-channel-manager]: Recorded new ZK controller, from now on will use node localhost:57335 (id: 0 rack: null)
2026-03-18T23:07:32.062+01:00  INFO 87830 --- [provider-service] [channel-manager] k.server.NodeToControllerRequestThread   : [zk-broker-0-to-controller-alter-partition-channel-manager]: Recorded new ZK controller, from now on will use node localhost:57335 (id: 0 rack: null)
2026-03-18T23:07:32.083+01:00  INFO 87830 --- [provider-service] [quest-handler-5] kafka.zk.AdminZkClient                   : Creating topic payment-requests with configuration {} and initial partition assignment HashMap(0 -> ArrayBuffer(0))
2026-03-18T23:07:32.087+01:00  INFO 87830 --- [provider-service] [er-event-thread] kafka.controller.KafkaController         : [Controller id=0] New topics: [Set(payment-requests)], deleted topics: [HashSet()], new partition replica assignment [Set(TopicIdReplicaAssignment(payment-requests,Some(QT8dVC2IQdasqv_X9rWTYA),Map(payment-requests-0 -> ReplicaAssignment(replicas=0, addingReplicas=, removingReplicas=))))]
2026-03-18T23:07:32.087+01:00  INFO 87830 --- [provider-service] [er-event-thread] kafka.controller.KafkaController         : [Controller id=0] New partition creation callback for payment-requests-0
2026-03-18T23:07:32.087+01:00  INFO 87830 --- [provider-service] [er-event-thread] state.change.logger                      : [Controller id=0 epoch=1] Changed partition payment-requests-0 state from NonExistentPartition to NewPartition with assigned replicas 0
2026-03-18T23:07:32.087+01:00  INFO 87830 --- [provider-service] [er-event-thread] state.change.logger                      : [Controller id=0 epoch=1] Sending UpdateMetadata request to brokers HashSet() for 0 partitions
2026-03-18T23:07:32.087+01:00  INFO 87830 --- [provider-service] [er-event-thread] state.change.logger                      : [Controller id=0 epoch=1] Sending UpdateMetadata request to brokers HashSet() for 0 partitions
2026-03-18T23:07:32.089+01:00  INFO 87830 --- [provider-service] [er-event-thread] state.change.logger                      : [Controller id=0 epoch=1] Changed partition payment-requests-0 from NewPartition to OnlinePartition with state LeaderAndIsr(leader=0, leaderEpoch=0, isrWithBrokerEpoch=List(BrokerState(brokerId=0, brokerEpoch=-1)), leaderRecoveryState=RECOVERED, partitionEpoch=0)
2026-03-18T23:07:32.089+01:00  INFO 87830 --- [provider-service] [er-event-thread] state.change.logger                      : [Controller id=0 epoch=1] Sending LeaderAndIsr request to broker 0 with 1 become-leader and 0 become-follower partitions
2026-03-18T23:07:32.089+01:00  INFO 87830 --- [provider-service] [er-event-thread] state.change.logger                      : [Controller id=0 epoch=1] Sending UpdateMetadata request to brokers HashSet(0) for 1 partitions
2026-03-18T23:07:32.089+01:00  INFO 87830 --- [provider-service] [er-event-thread] state.change.logger                      : [Controller id=0 epoch=1] Sending UpdateMetadata request to brokers HashSet() for 0 partitions
2026-03-18T23:07:32.089+01:00  INFO 87830 --- [provider-service] [quest-handler-6] state.change.logger                      : [Broker id=0] Handling LeaderAndIsr request correlationId 1 from controller 0 for 1 partitions
2026-03-18T23:07:32.090+01:00  INFO 87830 --- [provider-service] [quest-handler-6] kafka.server.ReplicaFetcherManager       : [ReplicaFetcherManager on broker 0] Removed fetcher for partitions Set(payment-requests-0)
2026-03-18T23:07:32.090+01:00  INFO 87830 --- [provider-service] [quest-handler-6] state.change.logger                      : [Broker id=0] Stopped fetchers as part of LeaderAndIsr request correlationId 1 from controller 0 epoch 1 as part of the become-leader transition for 1 partitions
2026-03-18T23:07:32.092+01:00  INFO 87830 --- [provider-service] [quest-handler-6] kafka.log.UnifiedLog$                    : [LogLoader partition=payment-requests-0, dir=/var/folders/s6/9_6m8gxs0k3542c1sc1nr7nc0000gn/T/spring.kafka.27fa5186-1461-4ded-ac40-df581b15fc7213023841555338235905] Loading producer state till offset 0 with message format version 2
2026-03-18T23:07:32.092+01:00  INFO 87830 --- [provider-service] [quest-handler-6] kafka.log.LogManager                     : Created log for partition payment-requests-0 in /var/folders/s6/9_6m8gxs0k3542c1sc1nr7nc0000gn/T/spring.kafka.27fa5186-1461-4ded-ac40-df581b15fc7213023841555338235905/payment-requests-0 with properties {}
2026-03-18T23:07:32.093+01:00  INFO 87830 --- [provider-service] [quest-handler-6] kafka.cluster.Partition                  : [Partition payment-requests-0 broker=0] No checkpointed highwatermark is found for partition payment-requests-0
2026-03-18T23:07:32.093+01:00  INFO 87830 --- [provider-service] [quest-handler-6] kafka.cluster.Partition                  : [Partition payment-requests-0 broker=0] Log loaded for partition payment-requests-0 with initial high watermark 0
2026-03-18T23:07:32.093+01:00  INFO 87830 --- [provider-service] [quest-handler-6] state.change.logger                      : [Broker id=0] Leader payment-requests-0 with topic id Some(QT8dVC2IQdasqv_X9rWTYA) starts at leader epoch 0 from offset 0 with partition epoch 0, high watermark 0, ISR [0], adding replicas [] and removing replicas [] . Previous leader None and previous leader epoch was -1.
2026-03-18T23:07:32.099+01:00  INFO 87830 --- [provider-service] [quest-handler-6] state.change.logger                      : [Broker id=0] Finished LeaderAndIsr request in 10ms correlationId 1 from controller 0 for 1 partitions
2026-03-18T23:07:32.100+01:00  INFO 87830 --- [provider-service] [quest-handler-7] state.change.logger                      : [Broker id=0] Add 1 partitions and deleted 0 partitions from metadata cache in response to UpdateMetadata request sent by controller 0 epoch 1 with correlation id 2
2026-03-18T23:07:32.101+01:00  INFO 87830 --- [provider-service] [| adminclient-2] o.a.kafka.common.utils.AppInfoParser     : App info kafka.admin.client for adminclient-2 unregistered
2026-03-18T23:07:32.101+01:00  INFO 87830 --- [provider-service] [| adminclient-2] o.apache.kafka.common.metrics.Metrics    : Metrics scheduler closed
2026-03-18T23:07:32.101+01:00  INFO 87830 --- [provider-service] [| adminclient-2] o.apache.kafka.common.metrics.Metrics    : Closing reporter org.apache.kafka.common.metrics.JmxReporter
2026-03-18T23:07:32.101+01:00  INFO 87830 --- [provider-service] [| adminclient-2] o.apache.kafka.common.metrics.Metrics    : Metrics reporters closed
2026-03-18T23:07:32.102+01:00  INFO 87830 --- [provider-service] [           main] .k.PaymentAuthorizationKafkaConsumerTest : Starting PaymentAuthorizationKafkaConsumerTest using Java 25.0.2 with PID 87830 (started by victornordstrand in /Users/victornordstrand/Code/payment_gateway/provider-service/provider-infrastructure)
2026-03-18T23:07:32.102+01:00  INFO 87830 --- [provider-service] [           main] .k.PaymentAuthorizationKafkaConsumerTest : The following 1 profile is active: "test"
2026-03-18T23:07:32.147+01:00  INFO 87830 --- [provider-service] [           main] .s.d.r.c.RepositoryConfigurationDelegate : Bootstrapping Spring Data JPA repositories in DEFAULT mode.
2026-03-18T23:07:32.153+01:00  INFO 87830 --- [provider-service] [           main] .s.d.r.c.RepositoryConfigurationDelegate : Finished Spring Data repository scanning in 5 ms. Found 3 JPA repository interfaces.
2026-03-18T23:07:32.249+01:00  INFO 87830 --- [provider-service] [           main] com.zaxxer.hikari.HikariDataSource       : HikariPool-2 - Starting...
2026-03-18T23:07:32.249+01:00  INFO 87830 --- [provider-service] [           main] com.zaxxer.hikari.pool.HikariPool        : HikariPool-2 - Added connection conn10: url=jdbc:h2:mem:testdb user=ADMIN
2026-03-18T23:07:32.249+01:00  INFO 87830 --- [provider-service] [           main] com.zaxxer.hikari.HikariDataSource       : HikariPool-2 - Start completed.
2026-03-18T23:07:32.250+01:00  INFO 87830 --- [provider-service] [           main] org.flywaydb.core.FlywayExecutor         : Database: jdbc:h2:mem:testdb (H2 2.3)
2026-03-18T23:07:32.251+01:00  WARN 87830 --- [provider-service] [           main] o.f.c.internal.database.base.Database    : Flyway upgrade recommended: H2 2.3.232 is newer than this version of Flyway and support has not been tested. The latest supported version of H2 is 2.2.224.
2026-03-18T23:07:32.253+01:00  INFO 87830 --- [provider-service] [           main] o.f.core.internal.command.DbValidate     : Successfully validated 3 migrations (execution time 00:00.001s)
2026-03-18T23:07:32.255+01:00  INFO 87830 --- [provider-service] [           main] o.f.core.internal.command.DbMigrate      : Current version of schema "PUBLIC": 3
2026-03-18T23:07:32.255+01:00  INFO 87830 --- [provider-service] [           main] o.f.core.internal.command.DbMigrate      : Schema "PUBLIC" is up to date. No migration necessary.
2026-03-18T23:07:32.262+01:00  INFO 87830 --- [provider-service] [           main] o.hibernate.jpa.internal.util.LogHelper  : HHH000204: Processing PersistenceUnitInfo [name: default]
2026-03-18T23:07:32.263+01:00  INFO 87830 --- [provider-service] [           main] o.h.c.internal.RegionFactoryInitiator    : HHH000026: Second-level cache disabled
2026-03-18T23:07:32.267+01:00  INFO 87830 --- [provider-service] [           main] o.s.o.j.p.SpringPersistenceUnitInfo      : No LoadTimeWeaver setup: ignoring JPA class transformer
2026-03-18T23:07:32.268+01:00  INFO 87830 --- [provider-service] [           main] org.hibernate.orm.connections.pooling    : HHH10001005: Database info:
	Database JDBC URL [Connecting through datasource 'HikariDataSource (HikariPool-2)']
	Database driver: undefined/unknown
	Database version: 2.3.232
	Autocommit mode: undefined/unknown
	Isolation level: undefined/unknown
	Minimum pool size: undefined/unknown
	Maximum pool size: undefined/unknown
2026-03-18T23:07:32.296+01:00  INFO 87830 --- [provider-service] [           main] o.h.e.t.j.p.i.JtaPlatformInitiator       : HHH000489: No JTA platform available (set 'hibernate.transaction.jta.platform' to enable JTA platform integration)
2026-03-18T23:07:32.296+01:00  INFO 87830 --- [provider-service] [           main] j.LocalContainerEntityManagerFactoryBean : Initialized JPA EntityManagerFactory for persistence unit 'default'
2026-03-18T23:07:32.402+01:00  INFO 87830 --- [provider-service] [           main] o.a.k.clients.consumer.ConsumerConfig    : ConsumerConfig values: 
	allow.auto.create.topics = true
	auto.commit.interval.ms = 5000
	auto.include.jmx.reporter = true
	auto.offset.reset = earliest
	bootstrap.servers = [127.0.0.1:57335]
	check.crcs = true
	client.dns.lookup = use_all_dns_ips
	client.id = consumer-provider-service-3
	client.rack = 
	connections.max.idle.ms = 540000
	default.api.timeout.ms = 60000
	enable.auto.commit = false
	enable.metrics.push = true
	exclude.internal.topics = true
	fetch.max.bytes = 52428800
	fetch.max.wait.ms = 500
	fetch.min.bytes = 1
	group.id = provider-service
	group.instance.id = null
	group.protocol = classic
	group.remote.assignor = null
	heartbeat.interval.ms = 3000
	interceptor.classes = []
	internal.leave.group.on.close = true
	internal.throw.on.fetch.stable.offset.unsupported = false
	isolation.level = read_uncommitted
	key.deserializer = class org.apache.kafka.common.serialization.StringDeserializer
	max.partition.fetch.bytes = 1048576
	max.poll.interval.ms = 300000
	max.poll.records = 500
	metadata.max.age.ms = 300000
	metadata.recovery.strategy = none
	metric.reporters = []
	metrics.num.samples = 2
	metrics.recording.level = INFO
	metrics.sample.window.ms = 30000
	partition.assignment.strategy = [class org.apache.kafka.clients.consumer.RangeAssignor, class org.apache.kafka.clients.consumer.CooperativeStickyAssignor]
	receive.buffer.bytes = 65536
	reconnect.backoff.max.ms = 1000
	reconnect.backoff.ms = 50
	request.timeout.ms = 30000
	retry.backoff.max.ms = 1000
	retry.backoff.ms = 100
	sasl.client.callback.handler.class = null
	sasl.jaas.config = null
	sasl.kerberos.kinit.cmd = /usr/bin/kinit
	sasl.kerberos.min.time.before.relogin = 60000
	sasl.kerberos.service.name = null
	sasl.kerberos.ticket.renew.jitter = 0.05
	sasl.kerberos.ticket.renew.window.factor = 0.8
	sasl.login.callback.handler.class = null
	sasl.login.class = null
	sasl.login.connect.timeout.ms = null
	sasl.login.read.timeout.ms = null
	sasl.login.refresh.buffer.seconds = 300
	sasl.login.refresh.min.period.seconds = 60
	sasl.login.refresh.window.factor = 0.8
	sasl.login.refresh.window.jitter = 0.05
	sasl.login.retry.backoff.max.ms = 10000
	sasl.login.retry.backoff.ms = 100
	sasl.mechanism = GSSAPI
	sasl.oauthbearer.clock.skew.seconds = 30
	sasl.oauthbearer.expected.audience = null
	sasl.oauthbearer.expected.issuer = null
	sasl.oauthbearer.jwks.endpoint.refresh.ms = 3600000
	sasl.oauthbearer.jwks.endpoint.retry.backoff.max.ms = 10000
	sasl.oauthbearer.jwks.endpoint.retry.backoff.ms = 100
	sasl.oauthbearer.jwks.endpoint.url = null
	sasl.oauthbearer.scope.claim.name = scope
	sasl.oauthbearer.sub.claim.name = sub
	sasl.oauthbearer.token.endpoint.url = null
	security.protocol = PLAINTEXT
	security.providers = null
	send.buffer.bytes = 131072
	session.timeout.ms = 45000
	socket.connection.setup.timeout.max.ms = 30000
	socket.connection.setup.timeout.ms = 10000
	ssl.cipher.suites = null
	ssl.enabled.protocols = [TLSv1.2, TLSv1.3]
	ssl.endpoint.identification.algorithm = https
	ssl.engine.factory.class = null
	ssl.key.password = null
	ssl.keymanager.algorithm = SunX509
	ssl.keystore.certificate.chain = null
	ssl.keystore.key = null
	ssl.keystore.location = null
	ssl.keystore.password = null
	ssl.keystore.type = JKS
	ssl.protocol = TLSv1.3
	ssl.provider = null
	ssl.secure.random.implementation = null
	ssl.trustmanager.algorithm = PKIX
	ssl.truststore.certificates = null
	ssl.truststore.location = null
	ssl.truststore.password = null
	ssl.truststore.type = JKS
	value.deserializer = class org.apache.kafka.common.serialization.StringDeserializer

2026-03-18T23:07:32.402+01:00  INFO 87830 --- [provider-service] [           main] o.a.k.c.t.i.KafkaMetricsCollector        : initializing Kafka metrics collector
2026-03-18T23:07:32.403+01:00  INFO 87830 --- [provider-service] [           main] o.a.kafka.common.utils.AppInfoParser     : Kafka version: 3.8.1
2026-03-18T23:07:32.403+01:00  INFO 87830 --- [provider-service] [           main] o.a.kafka.common.utils.AppInfoParser     : Kafka commitId: 70d6ff42debf7e17
2026-03-18T23:07:32.404+01:00  INFO 87830 --- [provider-service] [           main] o.a.kafka.common.utils.AppInfoParser     : Kafka startTimeMs: 1773871652403
2026-03-18T23:07:32.404+01:00  INFO 87830 --- [provider-service] [           main] o.a.k.c.c.internals.LegacyKafkaConsumer  : [Consumer clientId=consumer-provider-service-3, groupId=provider-service] Subscribed to topic(s): payment-requests
2026-03-18T23:07:32.405+01:00  INFO 87830 --- [provider-service] [           main] .k.PaymentAuthorizationKafkaConsumerTest : Started PaymentAuthorizationKafkaConsumerTest in 0.507 seconds (process running for 5.159)
2026-03-18T23:07:32.408+01:00  INFO 87830 --- [provider-service] [ntainer#0-0-C-1] org.apache.kafka.clients.Metadata        : [Consumer clientId=consumer-provider-service-3, groupId=provider-service] Cluster ID: iUjoZHuESlyTshBw-VePTw
2026-03-18T23:07:32.410+01:00  INFO 87830 --- [provider-service] [           main] o.a.k.clients.producer.ProducerConfig    : ProducerConfig values: 
	acks = -1
	auto.include.jmx.reporter = true
	batch.size = 16384
	bootstrap.servers = [127.0.0.1:57335]
	buffer.memory = 33554432
	client.dns.lookup = use_all_dns_ips
	client.id = provider-service-producer-1
	compression.gzip.level = -1
	compression.lz4.level = 9
	compression.type = none
	compression.zstd.level = 3
	connections.max.idle.ms = 540000
	delivery.timeout.ms = 120000
	enable.idempotence = true
	enable.metrics.push = true
	interceptor.classes = []
	key.serializer = class org.apache.kafka.common.serialization.StringSerializer
	linger.ms = 0
	max.block.ms = 60000
	max.in.flight.requests.per.connection = 5
	max.request.size = 1048576
	metadata.max.age.ms = 300000
	metadata.max.idle.ms = 300000
	metadata.recovery.strategy = none
	metric.reporters = []
	metrics.num.samples = 2
	metrics.recording.level = INFO
	metrics.sample.window.ms = 30000
	partitioner.adaptive.partitioning.enable = true
	partitioner.availability.timeout.ms = 0
	partitioner.class = null
	partitioner.ignore.keys = false
	receive.buffer.bytes = 32768
	reconnect.backoff.max.ms = 1000
	reconnect.backoff.ms = 50
	request.timeout.ms = 30000
	retries = 2147483647
	retry.backoff.max.ms = 1000
	retry.backoff.ms = 100
	sasl.client.callback.handler.class = null
	sasl.jaas.config = null
	sasl.kerberos.kinit.cmd = /usr/bin/kinit
	sasl.kerberos.min.time.before.relogin = 60000
	sasl.kerberos.service.name = null
	sasl.kerberos.ticket.renew.jitter = 0.05
	sasl.kerberos.ticket.renew.window.factor = 0.8
	sasl.login.callback.handler.class = null
	sasl.login.class = null
	sasl.login.connect.timeout.ms = null
	sasl.login.read.timeout.ms = null
	sasl.login.refresh.buffer.seconds = 300
	sasl.login.refresh.min.period.seconds = 60
	sasl.login.refresh.window.factor = 0.8
	sasl.login.refresh.window.jitter = 0.05
	sasl.login.retry.backoff.max.ms = 10000
	sasl.login.retry.backoff.ms = 100
	sasl.mechanism = GSSAPI
	sasl.oauthbearer.clock.skew.seconds = 30
	sasl.oauthbearer.expected.audience = null
	sasl.oauthbearer.expected.issuer = null
	sasl.oauthbearer.jwks.endpoint.refresh.ms = 3600000
	sasl.oauthbearer.jwks.endpoint.retry.backoff.max.ms = 10000
	sasl.oauthbearer.jwks.endpoint.retry.backoff.ms = 100
	sasl.oauthbearer.jwks.endpoint.url = null
	sasl.oauthbearer.scope.claim.name = scope
	sasl.oauthbearer.sub.claim.name = sub
	sasl.oauthbearer.token.endpoint.url = null
	security.protocol = PLAINTEXT
	security.providers = null
	send.buffer.bytes = 131072
	socket.connection.setup.timeout.max.ms = 30000
	socket.connection.setup.timeout.ms = 10000
	ssl.cipher.suites = null
	ssl.enabled.protocols = [TLSv1.2, TLSv1.3]
	ssl.endpoint.identification.algorithm = https
	ssl.engine.factory.class = null
	ssl.key.password = null
	ssl.keymanager.algorithm = SunX509
	ssl.keystore.certificate.chain = null
	ssl.keystore.key = null
	ssl.keystore.location = null
	ssl.keystore.password = null
	ssl.keystore.type = JKS
	ssl.protocol = TLSv1.3
	ssl.provider = null
	ssl.secure.random.implementation = null
	ssl.trustmanager.algorithm = PKIX
	ssl.truststore.certificates = null
	ssl.truststore.location = null
	ssl.truststore.password = null
	ssl.truststore.type = JKS
	transaction.timeout.ms = 60000
	transactional.id = null
	value.serializer = class org.apache.kafka.common.serialization.StringSerializer

2026-03-18T23:07:32.411+01:00  INFO 87830 --- [provider-service] [           main] o.a.k.c.t.i.KafkaMetricsCollector        : initializing Kafka metrics collector
2026-03-18T23:07:32.411+01:00  INFO 87830 --- [provider-service] [           main] o.a.k.clients.producer.KafkaProducer     : [Producer clientId=provider-service-producer-1] Instantiated an idempotent producer.
2026-03-18T23:07:32.412+01:00  INFO 87830 --- [provider-service] [quest-handler-2] kafka.zk.AdminZkClient                   : Creating topic __consumer_offsets with configuration {compression.type=producer, cleanup.policy=compact, segment.bytes=104857600} and initial partition assignment HashMap(0 -> ArrayBuffer(0), 1 -> ArrayBuffer(0), 2 -> ArrayBuffer(0), 3 -> ArrayBuffer(0), 4 -> ArrayBuffer(0))
[...]
2026-03-18T23:07:32.420+01:00  INFO 87830 --- [provider-service] [er-event-thread] state.change.logger                      : [Controller id=0 epoch=1] Sending LeaderAndIsr request to broker 0 with 5 become-leader and 0 become-follower partitions
2026-03-18T23:07:32.420+01:00  INFO 87830 --- [provider-service] [er-event-thread] state.change.logger                      : [Controller id=0 epoch=1] Sending UpdateMetadata request to brokers HashSet(0) for 5 partitions
2026-03-18T23:07:32.420+01:00  INFO 87830 --- [provider-service] [er-event-thread] state.change.logger                      : [Controller id=0 epoch=1] Sending UpdateMetadata request to brokers HashSet() for 0 partitions
2026-03-18T23:07:32.421+01:00  INFO 87830 --- [provider-service] [quest-handler-1] state.change.logger                      : [Broker id=0] Handling LeaderAndIsr request correlationId 3 from controller 0 for 5 partitions
2026-03-18T23:07:32.421+01:00  INFO 87830 --- [provider-service] [quest-handler-1] kafka.server.ReplicaFetcherManager       : [ReplicaFetcherManager on broker 0] Removed fetcher for partitions HashSet(__consumer_offsets-4, __consumer_offsets-3, __consumer_offsets-2, __consumer_offsets-0, __consumer_offsets-1)
2026-03-18T23:07:32.421+01:00  INFO 87830 --- [provider-service] [quest-handler-1] state.change.logger                      : [Broker id=0] Stopped fetchers as part of LeaderAndIsr request correlationId 3 from controller 0 epoch 1 as part of the become-leader transition for 5 partitions
2026-03-18T23:07:32.421+01:00  INFO 87830 --- [provider-service] [er-event-thread] kafka.controller.KafkaController         : [Controller id=0] Acquired new producerId block ProducerIdsBlock(assignedBrokerId=0, firstProducerId=0, size=1000) by writing to Zk with path version 1
2026-03-18T23:07:32.423+01:00  INFO 87830 --- [provider-service] [quest-handler-1] kafka.log.UnifiedLog$                    : [LogLoader partition=__consumer_offsets-3, dir=/var/folders/s6/9_6m8gxs0k3542c1sc1nr7nc0000gn/T/spring.kafka.27fa5186-1461-4ded-ac40-df581b15fc7213023841555338235905] Loading producer state till offset 0 with message format version 2
2026-03-18T23:07:32.424+01:00  INFO 87830 --- [provider-service] [quest-handler-1] kafka.log.LogManager                     : Created log for partition __consumer_offsets-3 in /var/folders/s6/9_6m8gxs0k3542c1sc1nr7nc0000gn/T/spring.kafka.27fa5186-1461-4ded-ac40-df581b15fc7213023841555338235905/__consumer_offsets-3 with properties {cleanup.policy=compact, compression.type="producer", segment.bytes=104857600}
2026-03-18T23:07:32.424+01:00  INFO 87830 --- [provider-service] [quest-handler-1] kafka.cluster.Partition                  : [Partition __consumer_offsets-3 broker=0] No checkpointed highwatermark is found for partition __consumer_offsets-3
2026-03-18T23:07:32.424+01:00  INFO 87830 --- [provider-service] [quest-handler-1] kafka.cluster.Partition                  : [Partition __consumer_offsets-3 broker=0] Log loaded for partition __consumer_offsets-3 with initial high watermark 0
2026-03-18T23:07:32.424+01:00  INFO 87830 --- [provider-service] [quest-handler-1] state.change.logger                      : [Broker id=0] Leader __consumer_offsets-3 with topic id Some(dFfsuVgJSL6W9GjC3LuwzQ) starts at leader epoch 0 from offset 0 with partition epoch 0, high watermark 0, ISR [0], adding replicas [] and removing replicas [] . Previous leader None and previous leader epoch was -1.
2026-03-18T23:07:32.439+01:00  INFO 87830 --- [provider-service] [quest-handler-1] kafka.log.UnifiedLog$                    : [LogLoader partition=__consumer_offsets-2, dir=/var/folders/s6/9_6m8gxs0k3542c1sc1nr7nc0000gn/T/spring.kafka.27fa5186-1461-4ded-ac40-df581b15fc7213023841555338235905] Loading producer state till offset 0 with message format version 2
2026-03-18T23:07:32.439+01:00  INFO 87830 --- [provider-service] [quest-handler-1] kafka.log.LogManager                     : Created log for partition __consumer_offsets-2 in /var/folders/s6/9_6m8gxs0k3542c1sc1nr7nc0000gn/T/spring.kafka.27fa5186-1461-4ded-ac40-df581b15fc7213023841555338235905/__consumer_offsets-2 with properties {cleanup.policy=compact, compression.type="producer", segment.bytes=104857600}
2026-03-18T23:07:32.439+01:00  INFO 87830 --- [provider-service] [quest-handler-1] kafka.cluster.Partition                  : [Partition __consumer_offsets-2 broker=0] No checkpointed highwatermark is found for partition __consumer_offsets-2
2026-03-18T23:07:32.439+01:00  INFO 87830 --- [provider-service] [quest-handler-1] kafka.cluster.Partition                  : [Partition __consumer_offsets-2 broker=0] Log loaded for partition __consumer_offsets-2 with initial high watermark 0
2026-03-18T23:07:32.439+01:00  INFO 87830 --- [provider-service] [quest-handler-1] state.change.logger                      : [Broker id=0] Leader __consumer_offsets-2 with topic id Some(dFfsuVgJSL6W9GjC3LuwzQ) starts at leader epoch 0 from offset 0 with partition epoch 0, high watermark 0, ISR [0], adding replicas [] and removing replicas [] . Previous leader None and previous leader epoch was -1.
2026-03-18T23:07:32.452+01:00  INFO 87830 --- [provider-service] [quest-handler-1] kafka.log.UnifiedLog$                    : [LogLoader partition=__consumer_offsets-4, dir=/var/folders/s6/9_6m8gxs0k3542c1sc1nr7nc0000gn/T/spring.kafka.27fa5186-1461-4ded-ac40-df581b15fc7213023841555338235905] Loading producer state till offset 0 with message format version 2
2026-03-18T23:07:32.452+01:00  INFO 87830 --- [provider-service] [quest-handler-1] kafka.log.LogManager                     : Created log for partition __consumer_offsets-4 in /var/folders/s6/9_6m8gxs0k3542c1sc1nr7nc0000gn/T/spring.kafka.27fa5186-1461-4ded-ac40-df581b15fc7213023841555338235905/__consumer_offsets-4 with properties {cleanup.policy=compact, compression.type="producer", segment.bytes=104857600}
2026-03-18T23:07:32.452+01:00  INFO 87830 --- [provider-service] [quest-handler-1] kafka.cluster.Partition                  : [Partition __consumer_offsets-4 broker=0] No checkpointed highwatermark is found for partition __consumer_offsets-4
2026-03-18T23:07:32.452+01:00  INFO 87830 --- [provider-service] [quest-handler-1] kafka.cluster.Partition                  : [Partition __consumer_offsets-4 broker=0] Log loaded for partition __consumer_offsets-4 with initial high watermark 0
2026-03-18T23:07:32.452+01:00  INFO 87830 --- [provider-service] [quest-handler-1] state.change.logger                      : [Broker id=0] Leader __consumer_offsets-4 with topic id Some(dFfsuVgJSL6W9GjC3LuwzQ) starts at leader epoch 0 from offset 0 with partition epoch 0, high watermark 0, ISR [0], adding replicas [] and removing replicas [] . Previous leader None and previous leader epoch was -1.
2026-03-18T23:07:32.465+01:00  INFO 87830 --- [provider-service] [quest-handler-1] kafka.log.UnifiedLog$                    : [LogLoader partition=__consumer_offsets-1, dir=/var/folders/s6/9_6m8gxs0k3542c1sc1nr7nc0000gn/T/spring.kafka.27fa5186-1461-4ded-ac40-df581b15fc7213023841555338235905] Loading producer state till offset 0 with message format version 2
2026-03-18T23:07:32.465+01:00  INFO 87830 --- [provider-service] [quest-handler-1] kafka.log.LogManager                     : Created log for partition __consumer_offsets-1 in /var/folders/s6/9_6m8gxs0k3542c1sc1nr7nc0000gn/T/spring.kafka.27fa5186-1461-4ded-ac40-df581b15fc7213023841555338235905/__consumer_offsets-1 with properties {cleanup.policy=compact, compression.type="producer", segment.bytes=104857600}
2026-03-18T23:07:32.465+01:00  INFO 87830 --- [provider-service] [quest-handler-1] kafka.cluster.Partition                  : [Partition __consumer_offsets-1 broker=0] No checkpointed highwatermark is found for partition __consumer_offsets-1
2026-03-18T23:07:32.465+01:00  INFO 87830 --- [provider-service] [quest-handler-1] kafka.cluster.Partition                  : [Partition __consumer_offsets-1 broker=0] Log loaded for partition __consumer_offsets-1 with initial high watermark 0
2026-03-18T23:07:32.465+01:00  INFO 87830 --- [provider-service] [quest-handler-1] state.change.logger                      : [Broker id=0] Leader __consumer_offsets-1 with topic id Some(dFfsuVgJSL6W9GjC3LuwzQ) starts at leader epoch 0 from offset 0 with partition epoch 0, high watermark 0, ISR [0], adding replicas [] and removing replicas [] . Previous leader None and previous leader epoch was -1.
2026-03-18T23:07:32.477+01:00  INFO 87830 --- [provider-service] [quest-handler-1] kafka.log.UnifiedLog$                    : [LogLoader partition=__consumer_offsets-0, dir=/var/folders/s6/9_6m8gxs0k3542c1sc1nr7nc0000gn/T/spring.kafka.27fa5186-1461-4ded-ac40-df581b15fc7213023841555338235905] Loading producer state till offset 0 with message format version 2
2026-03-18T23:07:32.477+01:00  INFO 87830 --- [provider-service] [quest-handler-1] kafka.log.LogManager                     : Created log for partition __consumer_offsets-0 in /var/folders/s6/9_6m8gxs0k3542c1sc1nr7nc0000gn/T/spring.kafka.27fa5186-1461-4ded-ac40-df581b15fc7213023841555338235905/__consumer_offsets-0 with properties {cleanup.policy=compact, compression.type="producer", segment.bytes=104857600}
2026-03-18T23:07:32.477+01:00  INFO 87830 --- [provider-service] [quest-handler-1] kafka.cluster.Partition                  : [Partition __consumer_offsets-0 broker=0] No checkpointed highwatermark is found for partition __consumer_offsets-0
2026-03-18T23:07:32.477+01:00  INFO 87830 --- [provider-service] [quest-handler-1] kafka.cluster.Partition                  : [Partition __consumer_offsets-0 broker=0] Log loaded for partition __consumer_offsets-0 with initial high watermark 0
2026-03-18T23:07:32.477+01:00  INFO 87830 --- [provider-service] [quest-handler-1] state.change.logger                      : [Broker id=0] Leader __consumer_offsets-0 with topic id Some(dFfsuVgJSL6W9GjC3LuwzQ) starts at leader epoch 0 from offset 0 with partition epoch 0, high watermark 0, ISR [0], adding replicas [] and removing replicas [] . Previous leader None and previous leader epoch was -1.
2026-03-18T23:07:32.487+01:00  INFO 87830 --- [provider-service] [quest-handler-1] k.coordinator.group.GroupCoordinator     : [GroupCoordinator 0]: Elected as the group coordinator for partition 3 in epoch 0
2026-03-18T23:07:32.487+01:00  INFO 87830 --- [provider-service] [quest-handler-1] k.c.group.GroupMetadataManager           : [GroupMetadataManager brokerId=0] Scheduling loading of offsets and group metadata from __consumer_offsets-3 for epoch 0
2026-03-18T23:07:32.487+01:00  INFO 87830 --- [provider-service] [quest-handler-1] k.coordinator.group.GroupCoordinator     : [GroupCoordinator 0]: Elected as the group coordinator for partition 2 in epoch 0
2026-03-18T23:07:32.487+01:00  INFO 87830 --- [provider-service] [quest-handler-1] k.c.group.GroupMetadataManager           : [GroupMetadataManager brokerId=0] Scheduling loading of offsets and group metadata from __consumer_offsets-2 for epoch 0
2026-03-18T23:07:32.487+01:00  INFO 87830 --- [provider-service] [quest-handler-1] k.coordinator.group.GroupCoordinator     : [GroupCoordinator 0]: Elected as the group coordinator for partition 4 in epoch 0
2026-03-18T23:07:32.487+01:00  INFO 87830 --- [provider-service] [quest-handler-1] k.c.group.GroupMetadataManager           : [GroupMetadataManager brokerId=0] Scheduling loading of offsets and group metadata from __consumer_offsets-4 for epoch 0
2026-03-18T23:07:32.487+01:00  INFO 87830 --- [provider-service] [quest-handler-1] k.coordinator.group.GroupCoordinator     : [GroupCoordinator 0]: Elected as the group coordinator for partition 1 in epoch 0
2026-03-18T23:07:32.487+01:00  INFO 87830 --- [provider-service] [quest-handler-1] k.c.group.GroupMetadataManager           : [GroupMetadataManager brokerId=0] Scheduling loading of offsets and group metadata from __consumer_offsets-1 for epoch 0
2026-03-18T23:07:32.487+01:00  INFO 87830 --- [provider-service] [quest-handler-1] k.coordinator.group.GroupCoordinator     : [GroupCoordinator 0]: Elected as the group coordinator for partition 0 in epoch 0
2026-03-18T23:07:32.487+01:00  INFO 87830 --- [provider-service] [quest-handler-1] k.c.group.GroupMetadataManager           : [GroupMetadataManager brokerId=0] Scheduling loading of offsets and group metadata from __consumer_offsets-0 for epoch 0
2026-03-18T23:07:32.487+01:00  INFO 87830 --- [provider-service] [quest-handler-1] state.change.logger                      : [Broker id=0] Finished LeaderAndIsr request in 66ms correlationId 3 from controller 0 for 5 partitions
2026-03-18T23:07:32.487+01:00  INFO 87830 --- [provider-service] [adata-manager-0] k.c.group.GroupMetadataManager           : [GroupMetadataManager brokerId=0] Finished loading offsets and group metadata from __consumer_offsets-3 in 0 milliseconds for epoch 0, of which 0 milliseconds was spent in the scheduler.
2026-03-18T23:07:32.488+01:00  INFO 87830 --- [provider-service] [adata-manager-0] k.c.group.GroupMetadataManager           : [GroupMetadataManager brokerId=0] Finished loading offsets and group metadata from __consumer_offsets-2 in 1 milliseconds for epoch 0, of which 1 milliseconds was spent in the scheduler.
2026-03-18T23:07:32.488+01:00  INFO 87830 --- [provider-service] [adata-manager-0] k.c.group.GroupMetadataManager           : [GroupMetadataManager brokerId=0] Finished loading offsets and group metadata from __consumer_offsets-4 in 1 milliseconds for epoch 0, of which 1 milliseconds was spent in the scheduler.
2026-03-18T23:07:32.488+01:00  INFO 87830 --- [provider-service] [adata-manager-0] k.c.group.GroupMetadataManager           : [GroupMetadataManager brokerId=0] Finished loading offsets and group metadata from __consumer_offsets-1 in 1 milliseconds for epoch 0, of which 1 milliseconds was spent in the scheduler.
2026-03-18T23:07:32.488+01:00  INFO 87830 --- [provider-service] [adata-manager-0] k.c.group.GroupMetadataManager           : [GroupMetadataManager brokerId=0] Finished loading offsets and group metadata from __consumer_offsets-0 in 1 milliseconds for epoch 0, of which 1 milliseconds was spent in the scheduler.
2026-03-18T23:07:32.488+01:00  INFO 87830 --- [provider-service] [quest-handler-3] state.change.logger                      : [Broker id=0] Add 5 partitions and deleted 0 partitions from metadata cache in response to UpdateMetadata request sent by controller 0 epoch 1 with correlation id 4
2026-03-18T23:07:32.520+01:00  INFO 87830 --- [provider-service] [vice-producer-1] o.a.k.c.p.internals.TransactionManager   : [Producer clientId=provider-service-producer-1] ProducerId set to 0 with epoch 0
2026-03-18T23:07:32.531+01:00  INFO 87830 --- [provider-service] [ntainer#0-0-C-1] o.a.k.c.c.internals.ConsumerCoordinator  : [Consumer clientId=consumer-provider-service-3, groupId=provider-service] Discovered group coordinator localhost:57335 (id: 2147483647 rack: null)
2026-03-18T23:07:32.532+01:00  INFO 87830 --- [provider-service] [ntainer#0-0-C-1] o.a.k.c.c.internals.ConsumerCoordinator  : [Consumer clientId=consumer-provider-service-3, groupId=provider-service] (Re-)joining group
2026-03-18T23:07:32.533+01:00  INFO 87830 --- [provider-service] [quest-handler-1] k.coordinator.group.GroupCoordinator     : [GroupCoordinator 0]: Dynamic member with unknown member id joins group provider-service in Empty state. Created a new member id consumer-provider-service-3-e0f93ae1-1021-43e4-bc42-20554b206001 and request the member to rejoin with this id.
2026-03-18T23:07:32.533+01:00  INFO 87830 --- [provider-service] [ntainer#0-0-C-1] o.a.k.c.c.internals.ConsumerCoordinator  : [Consumer clientId=consumer-provider-service-3, groupId=provider-service] Request joining group due to: need to re-join with the given member-id: consumer-provider-service-3-e0f93ae1-1021-43e4-bc42-20554b206001
2026-03-18T23:07:32.533+01:00  INFO 87830 --- [provider-service] [ntainer#0-0-C-1] o.a.k.c.c.internals.ConsumerCoordinator  : [Consumer clientId=consumer-provider-service-3, groupId=provider-service] (Re-)joining group
2026-03-18T23:07:32.534+01:00  INFO 87830 --- [provider-service] [quest-handler-3] k.coordinator.group.GroupCoordinator     : [GroupCoordinator 0]: Preparing to rebalance group provider-service in state PreparingRebalance with old generation 0 (__consumer_offsets-0) (reason: Adding new member consumer-provider-service-3-e0f93ae1-1021-43e4-bc42-20554b206001 with group instance id None; client reason: need to re-join with the given member-id: consumer-provider-service-3-e0f93ae1-1021-43e4-bc42-20554b206001)
2026-03-18T23:07:32.534+01:00  INFO 87830 --- [provider-service] [cutor-Rebalance] k.coordinator.group.GroupCoordinator     : [GroupCoordinator 0]: Stabilized group provider-service generation 1 (__consumer_offsets-0) with 1 members
2026-03-18T23:07:32.534+01:00  INFO 87830 --- [provider-service] [ntainer#0-0-C-1] o.a.k.c.c.internals.ConsumerCoordinator  : [Consumer clientId=consumer-provider-service-3, groupId=provider-service] Successfully joined group with generation Generation{generationId=1, memberId='consumer-provider-service-3-e0f93ae1-1021-43e4-bc42-20554b206001', protocol='range'}
2026-03-18T23:07:32.535+01:00  INFO 87830 --- [provider-service] [ntainer#0-0-C-1] o.a.k.c.c.internals.ConsumerCoordinator  : [Consumer clientId=consumer-provider-service-3, groupId=provider-service] Finished assignment for group at generation 1: {consumer-provider-service-3-e0f93ae1-1021-43e4-bc42-20554b206001=Assignment(partitions=[payment-requests-0])}
2026-03-18T23:07:32.535+01:00  INFO 87830 --- [provider-service] [quest-handler-4] k.coordinator.group.GroupCoordinator     : [GroupCoordinator 0]: Assignment received from leader consumer-provider-service-3-e0f93ae1-1021-43e4-bc42-20554b206001 for group provider-service for generation 1. The group has 1 members, 0 of which are static.
2026-03-18T23:07:32.536+01:00  INFO 87830 --- [provider-service] [ntainer#0-0-C-1] o.a.k.c.c.internals.ConsumerCoordinator  : [Consumer clientId=consumer-provider-service-3, groupId=provider-service] Successfully synced group in generation Generation{generationId=1, memberId='consumer-provider-service-3-e0f93ae1-1021-43e4-bc42-20554b206001', protocol='range'}
2026-03-18T23:07:32.536+01:00  INFO 87830 --- [provider-service] [ntainer#0-0-C-1] o.a.k.c.c.internals.ConsumerCoordinator  : [Consumer clientId=consumer-provider-service-3, groupId=provider-service] Notifying assignor about the new Assignment(partitions=[payment-requests-0])
2026-03-18T23:07:32.536+01:00  INFO 87830 --- [provider-service] [ntainer#0-0-C-1] k.c.c.i.ConsumerRebalanceListenerInvoker : [Consumer clientId=consumer-provider-service-3, groupId=provider-service] Adding newly assigned partitions: payment-requests-0
2026-03-18T23:07:32.536+01:00  INFO 87830 --- [provider-service] [ntainer#0-0-C-1] o.a.k.c.c.internals.ConsumerCoordinator  : [Consumer clientId=consumer-provider-service-3, groupId=provider-service] Found no committed offset for partition payment-requests-0
2026-03-18T23:07:32.537+01:00  INFO 87830 --- [provider-service] [ntainer#0-0-C-1] o.a.k.c.c.internals.SubscriptionState    : [Consumer clientId=consumer-provider-service-3, groupId=provider-service] Resetting offset for partition payment-requests-0 to position FetchPosition{offset=0, offsetEpoch=Optional.empty, currentLeader=LeaderAndEpoch{leader=Optional[localhost:57335 (id: 0 rack: null)], epoch=0}}.
2026-03-18T23:07:32.537+01:00  INFO 87830 --- [provider-service] [ntainer#0-0-C-1] o.s.k.l.KafkaMessageListenerContainer    : provider-service: partitions assigned: [payment-requests-0]
]]></system-out>
  </testcase>
</testsuite>