<?xml version="1.0" encoding="UTF-8"?>
<testsuite xmlns:xsi="http://www.w3.org/2001/XMLSchema-instance" xsi:noNamespaceSchemaLocation="https://maven.apache.org/surefire/maven-surefire-plugin/xsd/surefire-test-report.xsd" version="3.0.2" name="com.paymentgateway.provider.service.PaymentAuthorizationServiceTest" time="0.103" tests="8" errors="0" skipped="0" failures="0">
  <properties>
[...]
</properties>
  <testcase name="authorize_requiresAction_publishesActionRequired" classname="com.paymentgateway.provider.service.PaymentAuthorizationServiceTest" time="0.094"/>
  <testcase name="authorize_declined_savesTransaction" classname="com.paymentgateway.provider.service.PaymentAuthorizationServiceTest" time="0.001"/>
  <testcase name="authorize_txIdLinksTransactionAndPublishedEvent" classname="com.paymentgateway.provider.service.PaymentAuthorizationServiceTest" time="0.001"/>
  <testcase name="authorize_ignoresDuplicateEvent" classname="com.paymentgateway.provider.service.PaymentAuthorizationServiceTest" time="0.001">
    <system-out><![CDATA[2026-03-18T23:07:33.062+01:00  INFO 87830 --- [provider-service] [           main] c.p.p.s.PaymentAuthorizationService      : Event evt-1 already processed, ignoring
]]></system-out>
  </testcase>
  <testcase name="authorize_declined_publishesFailed" classname="com.paymentgateway.provider.service.PaymentAuthorizationServiceTest" time="0.001"/>
  <testcase name="authorize_authorized_savesTransaction" classname="com.paymentgateway.provider.service.PaymentAuthorizationServiceTest" time="0.001"/>
  <testcase name="authorize_authorized_publishesSucceeded" classname="com.paymentgateway.provider.service.PaymentAuthorizationServiceTest" time="0.001"/>
  <testcase name="authorize_requiresAction_savesTransaction" classname="com.paymentgateway.provider.service.PaymentAuthorizationServiceTest" time="0.001"/>
</testsuite>