<?xml version="1.0" encoding="UTF-8"?>
<testsuite xmlns:xsi="http://www.w3.org/2001/XMLSchema-instance" xsi:noNamespaceSchemaLocation="https://maven.apache.org/surefire/maven-surefire-plugin/xsd/surefire-test-report.xsd" version="3.0.2" name="com.paymentgateway.payment.application.service.PaymentServiceAuthorizationTest" time="0.6" tests="4" errors="0" skipped="0" failures="0">
  <properties>
[...]
</properties>
  <testcase name="handleSucceeded_idempotency_skipsProcessingForDuplicateEventId" classname="com.paymentgateway.payment.application.service.PaymentServiceAuthorizationTest" time="0.555">
    <system-err><![CDATA[Mockito is currently self-attaching to enable the inline-mock-maker. This will no longer work in future releases of the JDK. Please add Mockito as an agent to your build what is described in Mockito's documentation: https://javadoc.io/doc/org.mockito/mockito-core/latest/org/mockito/Mockito.html#0.3
WARNING: A Java agent has been loaded dynamically (/Users/victornordstrand/.m2/repository/net/bytebuddy/byte-buddy-agent/1.15.11/byte-buddy-agent-1.15.11.jar)
WARNING: If a serviceability tool is in use, please run with -XX:+EnableDynamicAgentLoading to hide this warning
WARNING: If a serviceability tool is not in use, please run with -Djdk.instrument.traceUsage for more information
WARNING: Dynamic loading of agents will be disallowed by default in a future release
]]></system-err>
  </testcase>
  <testcase name="handleActionRequired_marksPaymentAndAttemptRequiresAction" classname="com.paymentgateway.payment.application.service.PaymentServiceAuthorizationTest" time="0.025"/>
  <testcase name="handleFailed_marksPaymentAndAttemptFailed" classname="com.paymentgateway.payment.application.service.PaymentServiceAuthorizationTest" time="0.004"/>
  <testcase name="handleSucceeded_marksPaymentAndAttemptAuthorized" classname="com.paymentgateway.payment.application.service.PaymentServiceAuthorizationTest" time="0.004"/>
</testsuite>